#
# A fatal error has been detected by the Java Runtime Environment:
#
#  SIGSEGV (0xb) at pc=0x00007fff8a222097, pid=6457, tid=1287
#
# JRE version: Java(TM) SE Runtime Environment (7.0_67-b01) (build 1.7.0_67-b01)
# Java VM: Java HotSpot(TM) 64-Bit Server VM (24.65-b04 mixed mode bsd-amd64 compressed oops)
# Problematic frame:
# C  [libobjc.A.dylib+0x5097]  objc_msgSend+0x17
#
# Failed to write core dump. Core dumps have been disabled. To enable core dumping, try "ulimit -c unlimited" before starting Java again
#
# If you would like to submit a bug report, please visit:
#   http://bugreport.sun.com/bugreport/crash.jsp
# The crash happened outside the Java Virtual Machine in native code.
# See problematic frame for where to report the bug.
#

---------------  T H R E A D  ---------------

Current thread (0x00007f8c9a89a800):  JavaThread "AppKit Thread" daemon [_thread_in_native, id=1287, stack(0x00007fff4fd04000,0x00007fff4fd84000)]

siginfo:si_signo=SIGSEGV: si_errno=0, si_code=0 (SEGV0), si_addr=0x0000000000000000

Registers:
RAX=0x00007f8c99736650, RBX=0x00000000000f42e9, RCX=0x0000000000000000, RDX=0x00007f8c995b9780
RSP=0x00007fff4fd7ed58, RBP=0x00007fff4fd7ed60, RSI=0x00007fff8f761b9f, RDI=0x00007f8c99736650
R8 =0x0000000000000040, R9 =0x00007fff4fd7ed00, R10=0x00007fff8f761b9f, R11=0x500007f8c997457c
R12=0x00000000000f42e9, R13=0x00007fff4fd7ef28, R14=0x00007f8ca501e070, R15=0x00007fff4fd7ee88
RIP=0x00007fff8a222097, EFLAGS=0x0000000000010246, ERR=0x0000000000000000
  TRAPNO=0x000000000000000d

Top of Stack: (sp=0x00007fff4fd7ed58)
0x00007fff4fd7ed58:   00007fff88e6be0c 00007fff4fd7f0c0
0x00007fff4fd7ed68:   00007fff88d5f82d 00007fff78633f90
0x00007fff4fd7ed78:   00007fff8e595333 00007fff4fd7edb0
0x00007fff4fd7ed88:   00007fff8a23aa02 0000000000000798
0x00007fff4fd7ed98:   00000000000f42eb 0000000000000002
0x00007fff4fd7eda8:   00007f8c99699a30 00007f8c99699370
0x00007fff4fd7edb8:   00007f8c9970ce40 00007f8c995b9780
0x00007fff4fd7edc8:   00007fff4fd7ee80 0000000000000000
0x00007fff4fd7edd8:   00000000000f42e9 0000000000000051
0x00007fff4fd7ede8:   00007fff4fd7ef00 0000000000000000
0x00007fff4fd7edf8:   0000000000000001 00007f8c9970ce30
0x00007fff4fd7ee08:   000000000000004f 0000000000046968
0x00007fff4fd7ee18:   0000010000000000 00007fff79bbba60
0x00007fff4fd7ee28:   00002060008656ea 00007fff4fd7ef80
0x00007fff4fd7ee38:   0000000000000000 00007fff4fd7ef18
0x00007fff4fd7ee48:   00007fff4fd7eef8 00007fff79bbba48
0x00007fff4fd7ee58:   0000000000000000 0000000000000000
0x00007fff4fd7ee68:   00007fff8f8656ea 00007fff79367d38
0x00007fff4fd7ee78:   0000000000000000 00007f8c99699ab0
0x00007fff4fd7ee88:   00007f8ca501e070 00007fff93dafb08
0x00007fff4fd7ee98:   0000000000000000 00007fff4fd7ef60
0x00007fff4fd7eea8:   00007fff92da7dde 00007fff7a5a20d0
0x00007fff4fd7eeb8:   0000000042000000 00007fff92db01d1
0x00007fff4fd7eec8:   00007fff79b97b40 00007fff4fd7efc8
0x00007fff4fd7eed8:   00007fff4fd7eef8 00007fff4fd7ef18
0x00007fff4fd7eee8:   0000000000000000 000000010fe95001
0x00007fff4fd7eef8:   0000000000000000 000000000000004d
0x00007fff4fd7ef08:   0000000000000000 00000000000f42df
0x00007fff4fd7ef18:   000000000000004f 0000000000000000
0x00007fff4fd7ef28:   00000000000f42e9 000000014fd7efd0
0x00007fff4fd7ef38:   00007fff8f866261 00007fff78632748
0x00007fff4fd7ef48:   00007fff7863274c 000000007862e1b8 

Instructions: (pc=0x00007fff8a222097)
0x00007fff8a222077:   90 90 90 90 90 90 90 90 90 48 85 ff 2e 74 72 40
0x00007fff8a222087:   f6 c7 01 2e 0f 85 7e 00 00 00 4c 8b 1f 49 89 f2
0x00007fff8a222097:   45 23 53 18 49 c1 e2 04 4d 03 53 10 49 3b 32 75
0x00007fff8a2220a7:   04 41 ff 62 08 49 83 3a 00 74 74 4d 3b 53 10 74 

Register to memory mapping:

RAX=0x00007f8c99736650 is an unknown value
RBX=0x00000000000f42e9 is an unknown value
RCX=0x0000000000000000 is an unknown value
RDX=0x00007f8c995b9780 is an unknown value
RSP=0x00007fff4fd7ed58 is pointing into the stack for thread: 0x00007f8c9a89a800
RBP=0x00007fff4fd7ed60 is pointing into the stack for thread: 0x00007f8c9a89a800
RSI=0x00007fff8f761b9f: NSAppKitVersionNumber+0x5358f in /System/Library/Frameworks/AppKit.framework/Versions/C/AppKit at 0x00007fff8ecbe000
RDI=0x00007f8c99736650 is an unknown value
R8 =0x0000000000000040 is an unknown value
R9 =0x00007fff4fd7ed00 is pointing into the stack for thread: 0x00007f8c9a89a800
R10=0x00007fff8f761b9f: NSAppKitVersionNumber+0x5358f in /System/Library/Frameworks/AppKit.framework/Versions/C/AppKit at 0x00007fff8ecbe000
R11=0x500007f8c997457c is an unknown value
R12=0x00000000000f42e9 is an unknown value
R13=0x00007fff4fd7ef28 is pointing into the stack for thread: 0x00007f8c9a89a800
R14=0x00007f8ca501e070 is an unknown value
R15=0x00007fff4fd7ee88 is pointing into the stack for thread: 0x00007f8c9a89a800


Stack: [0x00007fff4fd04000,0x00007fff4fd84000],  sp=0x00007fff4fd7ed58,  free space=491k
Native frames: (J=compiled Java code, j=interpreted, Vv=VM code, C=native code)
C  [libobjc.A.dylib+0x5097]  objc_msgSend+0x17
C  [CoreFoundation+0x1082d]  _CFXNotificationPost+0xb4d
C  [Foundation+0x2dda]  -[NSNotificationCenter postNotificationName:object:userInfo:]+0x44
C  [AppKit+0x10f5a9]  -[NSSurface _disposeSurface]+0x98
C  [AppKit+0x10f045]  -[NSSurface setWindow:]+0x46
C  [AppKit+0x3af27]  -[NSView _setWindow:]+0x8ea
C  [AppKit+0x3bf7a]  -[NSView removeFromSuperview]+0x15e
C  [AppKit+0x986e9]  -[NSView removeFromSuperviewWithoutNeedingDisplay]+0x26
C  [liblwjgl.dylib+0xa205]  +[MacOSXKeyableWindow destroyWindow]+0xb5
C  [Foundation+0x6375e]  __NSThreadPerformPerform+0xe5
C  [CoreFoundation+0x7f5b1]  __CFRUNLOOP_IS_CALLING_OUT_TO_A_SOURCE0_PERFORM_FUNCTION__+0x11
C  [CoreFoundation+0x70c62]  __CFRunLoopDoSources0+0xf2
C  [CoreFoundation+0x703ef]  __CFRunLoopRun+0x33f
C  [CoreFoundation+0x6fe75]  CFRunLoopRunSpecific+0x135
C  [HIToolbox+0x2ea0d]  RunCurrentEventLoopInMode+0xe2
C  [HIToolbox+0x2e7b7]  ReceiveNextEventCommon+0x1df
C  [HIToolbox+0x2e5bc]  _BlockUntilNextEventMatchingListInModeWithFilter+0x41
C  [AppKit+0x2424e]  _DPSNextEvent+0x59a
C  [AppKit+0x2389b]  -[NSApplication nextEventMatchingMask:untilDate:inMode:dequeue:]+0x7a
C  [libosxapp.dylib+0x24e3]  -[NSApplicationAWT nextEventMatchingMask:untilDate:inMode:dequeue:]+0x7c
C  [AppKit+0x1799c]  -[NSApplication run]+0x229
C  [libosxapp.dylib+0x2346]  +[NSApplicationAWT runAWTLoopWithApp:]+0x9c
C  [liblwawt.dylib+0xd889]  -[AWTStarter starter:]+0x369
C  [Foundation+0x6375e]  __NSThreadPerformPerform+0xe5
C  [CoreFoundation+0x7f5b1]  __CFRUNLOOP_IS_CALLING_OUT_TO_A_SOURCE0_PERFORM_FUNCTION__+0x11
C  [CoreFoundation+0x70c62]  __CFRunLoopDoSources0+0xf2
C  [CoreFoundation+0x703ef]  __CFRunLoopRun+0x33f
C  [CoreFoundation+0x6fe75]  CFRunLoopRunSpecific+0x135
C  [java+0x73b0]  CreateExecutionEnvironment+0x367
C  [java+0x1b5c]  JLI_Launch+0x7a0
C  [java+0x770d]  main+0x65
C  [java+0x13b4]  start+0x34


---------------  P R O C E S S  ---------------

Java Threads: ( => current thread )
  0x00007f8c9a918800 JavaThread "AWT-Shutdown" [_thread_blocked, id=30735, stack(0x00000001233d7000,0x00000001234d7000)]
  0x00007f8c9b134000 JavaThread "AsynchExecutor-Thread" daemon [_thread_blocked, id=69127, stack(0x0000000128bd7000,0x0000000128cd7000)]
  0x00007f8c9a101000 JavaThread "DestroyJavaVM" [_thread_blocked, id=6403, stack(0x0000000111a60000,0x0000000111b60000)]
  0x00007f8c9b130000 JavaThread "LWJGL Application" [_thread_in_native, id=64259, stack(0x0000000126510000,0x0000000126610000)]
=>0x00007f8c9a89a800 JavaThread "AppKit Thread" daemon [_thread_in_native, id=1287, stack(0x00007fff4fd04000,0x00007fff4fd84000)]
  0x00007f8c9a801000 JavaThread "Monitor Ctrl-Break" daemon [_thread_in_native, id=22275, stack(0x0000000121762000,0x0000000121862000)]
  0x00007f8c9d800000 JavaThread "Service Thread" daemon [_thread_blocked, id=21251, stack(0x000000012136c000,0x000000012146c000)]
  0x00007f8c9a80a000 JavaThread "C2 CompilerThread1" daemon [_thread_blocked, id=20739, stack(0x0000000121269000,0x0000000121369000)]
  0x00007f8c9a015000 JavaThread "C2 CompilerThread0" daemon [_thread_blocked, id=20227, stack(0x0000000121166000,0x0000000121266000)]
  0x00007f8c9a007000 JavaThread "Signal Dispatcher" daemon [_thread_blocked, id=19715, stack(0x0000000121063000,0x0000000121163000)]
  0x00007f8c9b04d800 JavaThread "Finalizer" daemon [_thread_blocked, id=14595, stack(0x0000000120e2c000,0x0000000120f2c000)]
  0x00007f8c9c002000 JavaThread "Reference Handler" daemon [_thread_blocked, id=14083, stack(0x0000000120d29000,0x0000000120e29000)]

Other Threads:
  0x00007f8c9b04d000 VMThread [stack: 0x0000000120c26000,0x0000000120d26000] [id=13571]
  0x00007f8c9a80a800 WatcherThread [stack: 0x000000012146f000,0x000000012156f000] [id=21763]

VM state:not at safepoint (normal execution)

VM Mutex/Monitor currently owned by a thread: None

Heap
 PSYoungGen      total 76800K, used 59495K [0x00000007aaa80000, 0x00000007b0000000, 0x0000000800000000)
  eden space 66048K, 79% used [0x00000007aaa80000,0x00000007add79c98,0x00000007aeb00000)
  from space 10752K, 67% used [0x00000007aeb00000,0x00000007af220290,0x00000007af580000)
  to   space 10752K, 0% used [0x00000007af580000,0x00000007af580000,0x00000007b0000000)
 ParOldGen       total 174592K, used 8K [0x0000000700000000, 0x000000070aa80000, 0x00000007aaa80000)
  object space 174592K, 0% used [0x0000000700000000,0x0000000700002000,0x000000070aa80000)
 PSPermGen       total 21504K, used 11993K [0x00000006fae00000, 0x00000006fc300000, 0x0000000700000000)
  object space 21504K, 55% used [0x00000006fae00000,0x00000006fb9b6408,0x00000006fc300000)

Card table byte_map: [0x0000000114c22000,0x000000011544c000] byte_map_base: 0x000000011144b000

Polling page: 0x000000010ffcd000

Code Cache  [0x0000000111b62000, 0x0000000111dd2000, 0x0000000114b62000)
 total_blobs=628 nmethods=207 adapters=375 free_code_cache=48281Kb largest_free_block=49410688

Compilation events (10 events):
Event: 10.025 Thread 0x00007f8c9a015000  201             com.badlogic.gdx.utils.Array::clear (33 bytes)
Event: 10.026 Thread 0x00007f8c9a015000 nmethod 201 0x0000000111c3dc10 code [0x0000000111c3dd40, 0x0000000111c3ddf8]
Event: 10.123 Thread 0x00007f8c9a80a000  202             com.badlogic.gdx.utils.Array::add (48 bytes)
Event: 10.125 Thread 0x00007f8c9a80a000 nmethod 202 0x0000000111c34ad0 code [0x0000000111c34c60, 0x0000000111c34de8]
Event: 10.526 Thread 0x00007f8c9a015000  204             java.nio.DirectByteBuffer::isDirect (2 bytes)
Event: 10.526 Thread 0x00007f8c9a015000 nmethod 204 0x0000000111c3e7d0 code [0x0000000111c3e900, 0x0000000111c3e958]
Event: 10.540 Thread 0x00007f8c9a80a000  205             com.jmullin.drifter.Shaders$::ball (23 bytes)
Event: 10.541 Thread 0x00007f8c9a80a000 nmethod 205 0x0000000111c3d610 code [0x0000000111c3d760, 0x0000000111c3d808]
Event: 10.625 Thread 0x00007f8c9a015000  207             com.badlogic.gdx.graphics.Color::toFloatBits (50 bytes)
Event: 10.625 Thread 0x00007f8c9a015000 nmethod 207 0x0000000111c33a50 code [0x0000000111c33bc0, 0x0000000111c33cd8]

GC Heap History (2 events):
Event: 3.956 GC heap before
{Heap before GC invocations=1 (full 0):
 PSYoungGen      total 76800K, used 66048K [0x00000007aaa80000, 0x00000007b0000000, 0x0000000800000000)
  eden space 66048K, 100% used [0x00000007aaa80000,0x00000007aeb00000,0x00000007aeb00000)
  from space 10752K, 0% used [0x00000007af580000,0x00000007af580000,0x00000007b0000000)
  to   space 10752K, 0% used [0x00000007aeb00000,0x00000007aeb00000,0x00000007af580000)
 ParOldGen       total 174592K, used 0K [0x0000000700000000, 0x000000070aa80000, 0x00000007aaa80000)
  object space 174592K, 0% used [0x0000000700000000,0x0000000700000000,0x000000070aa80000)
 PSPermGen       total 21504K, used 11904K [0x00000006fae00000, 0x00000006fc300000, 0x0000000700000000)
  object space 21504K, 55% used [0x00000006fae00000,0x00000006fb9a00a0,0x00000006fc300000)
Event: 3.965 GC heap after
Heap after GC invocations=1 (full 0):
 PSYoungGen      total 76800K, used 7296K [0x00000007aaa80000, 0x00000007b0000000, 0x0000000800000000)
  eden space 66048K, 0% used [0x00000007aaa80000,0x00000007aaa80000,0x00000007aeb00000)
  from space 10752K, 67% used [0x00000007aeb00000,0x00000007af220290,0x00000007af580000)
  to   space 10752K, 0% used [0x00000007af580000,0x00000007af580000,0x00000007b0000000)
 ParOldGen       total 174592K, used 8K [0x0000000700000000, 0x000000070aa80000, 0x00000007aaa80000)
  object space 174592K, 0% used [0x0000000700000000,0x0000000700002000,0x000000070aa80000)
 PSPermGen       total 21504K, used 11904K [0x00000006fae00000, 0x00000006fc300000, 0x0000000700000000)
  object space 21504K, 55% used [0x00000006fae00000,0x00000006fb9a00a0,0x00000006fc300000)
}

Deoptimization events (1 events):
Event: 0.220 Thread 0x00007f8c9b001000 Uncommon trap: reason=null_check action=make_not_entrant pc=0x0000000111bc9128 method=java.lang.String.equals(Ljava/lang/Object;)Z @ 8

Internal exceptions (10 events):
Event: 0.749 Thread 0x00007f8c9b130000 Threw 0x00000007ad250680 at /HUDSON/workspace/7u-2-build-macosx-x86_64/jdk7u67/1368/hotspot/src/share/vm/prims/jvm.cpp:1244
Event: 0.751 Thread 0x00007f8c9b130000 Threw 0x00000007ad258c80 at /HUDSON/workspace/7u-2-build-macosx-x86_64/jdk7u67/1368/hotspot/src/share/vm/prims/jvm.cpp:1244
Event: 0.751 Thread 0x00007f8c9b130000 Threw 0x00000007ad25e310 at /HUDSON/workspace/7u-2-build-macosx-x86_64/jdk7u67/1368/hotspot/src/share/vm/prims/jvm.cpp:1244
Event: 1.373 Thread 0x00007f8c9b130000 Threw 0x00000007ad8130c8 at /HUDSON/workspace/7u-2-build-macosx-x86_64/jdk7u67/1368/hotspot/src/share/vm/prims/jvm.cpp:1244
Event: 1.373 Thread 0x00007f8c9b130000 Threw 0x00000007ad81b390 at /HUDSON/workspace/7u-2-build-macosx-x86_64/jdk7u67/1368/hotspot/src/share/vm/prims/jvm.cpp:1244
Event: 1.374 Thread 0x00007f8c9b130000 Threw 0x00000007ad822418 at /HUDSON/workspace/7u-2-build-macosx-x86_64/jdk7u67/1368/hotspot/src/share/vm/prims/jvm.cpp:1244
Event: 1.374 Thread 0x00007f8c9b130000 Threw 0x00000007ad8297c8 at /HUDSON/workspace/7u-2-build-macosx-x86_64/jdk7u67/1368/hotspot/src/share/vm/prims/jvm.cpp:1244
Event: 1.374 Thread 0x00007f8c9b130000 Threw 0x00000007ad830900 at /HUDSON/workspace/7u-2-build-macosx-x86_64/jdk7u67/1368/hotspot/src/share/vm/prims/jvm.cpp:1244
Event: 10.640 Thread 0x00007f8c9b130000 Threw 0x00000007add21868 at /HUDSON/workspace/7u-2-build-macosx-x86_64/jdk7u67/1368/hotspot/src/share/vm/prims/jvm.cpp:1244
Event: 10.660 Thread 0x00007f8c9b130000 Threw 0x00000007add29340 at /HUDSON/workspace/7u-2-build-macosx-x86_64/jdk7u67/1368/hotspot/src/share/vm/prims/jvm.cpp:1244

Events (10 events):
Event: 6.293 loading class 0x00007f8c9a0767d0 done
Event: 6.293 loading class 0x00007f8c9a076760 done
Event: 6.293 loading class 0x000000011ed49840
Event: 6.293 loading class 0x000000011ed49840 done
Event: 6.293 Thread 0x00007f8c9b07b000 Thread exited: 0x00007f8c9b07b000
Event: 6.570 Thread 0x00007f8c9a918800 Thread added: 0x00007f8c9a918800
Event: 10.640 loading class 0x00007f8c99655620
Event: 10.640 loading class 0x00007f8c99655620 done
Event: 10.660 loading class 0x00007f8c997448e0
Event: 10.660 loading class 0x00007f8c997448e0 done


Dynamic libraries:
0x0000000008313000 	/System/Library/Frameworks/Cocoa.framework/Versions/A/Cocoa
0x0000000008313000 	/System/Library/Frameworks/Security.framework/Versions/A/Security
0x0000000008313000 	/System/Library/Frameworks/ApplicationServices.framework/Versions/A/ApplicationServices
0x0000000008313000 	/usr/lib/libz.1.dylib
0x0000000008313000 	/usr/lib/libSystem.B.dylib
0x0000000008313000 	/usr/lib/libobjc.A.dylib
0x0000000008313000 	/System/Library/Frameworks/CoreFoundation.framework/Versions/A/CoreFoundation
0x0000000008313000 	/System/Library/Frameworks/Foundation.framework/Versions/C/Foundation
0x0000000008313000 	/System/Library/Frameworks/AppKit.framework/Versions/C/AppKit
0x0000000008313000 	/System/Library/Frameworks/CoreData.framework/Versions/A/CoreData
0x0000000008313000 	/System/Library/PrivateFrameworks/RemoteViewServices.framework/Versions/A/RemoteViewServices
0x0000000008313000 	/System/Library/Frameworks/AudioToolbox.framework/Versions/A/AudioToolbox
0x0000000008313000 	/System/Library/Frameworks/AudioUnit.framework/Versions/A/AudioUnit
0x0000000008313000 	/System/Library/PrivateFrameworks/DataDetectorsCore.framework/Versions/A/DataDetectorsCore
0x0000000008313000 	/System/Library/PrivateFrameworks/DesktopServicesPriv.framework/Versions/A/DesktopServicesPriv
0x0000000008313000 	/System/Library/Frameworks/Carbon.framework/Versions/A/Frameworks/HIToolbox.framework/Versions/A/HIToolbox
0x0000000008313000 	/System/Library/Frameworks/QuartzCore.framework/Versions/A/QuartzCore
0x0000000008313000 	/System/Library/Frameworks/Carbon.framework/Versions/A/Frameworks/SpeechRecognition.framework/Versions/A/SpeechRecognition
0x0000000008313000 	/usr/lib/libauto.dylib
0x0000000008313000 	/usr/lib/libicucore.A.dylib
0x0000000008313000 	/usr/lib/libxml2.2.dylib
0x0000000008313000 	/System/Library/PrivateFrameworks/CoreUI.framework/Versions/A/CoreUI
0x0000000008313000 	/System/Library/Frameworks/CoreAudio.framework/Versions/A/CoreAudio
0x0000000008313000 	/System/Library/Frameworks/DiskArbitration.framework/Versions/A/DiskArbitration
0x0000000008313000 	/usr/lib/liblangid.dylib
0x0000000008313000 	/System/Library/PrivateFrameworks/MultitouchSupport.framework/Versions/A/MultitouchSupport
0x0000000008313000 	/System/Library/Frameworks/IOKit.framework/Versions/A/IOKit
0x0000000008313000 	/usr/lib/libDiagnosticMessagesClient.dylib
0x0000000008313000 	/System/Library/Frameworks/CoreServices.framework/Versions/A/CoreServices
0x0000000008313000 	/System/Library/PrivateFrameworks/PerformanceAnalysis.framework/Versions/A/PerformanceAnalysis
0x0000000008313000 	/System/Library/PrivateFrameworks/GenerationalStorage.framework/Versions/A/GenerationalStorage
0x0000000008313000 	/System/Library/Frameworks/OpenGL.framework/Versions/A/OpenGL
0x0000000008313000 	/System/Library/PrivateFrameworks/Sharing.framework/Versions/A/Sharing
0x0000000008313000 	/System/Library/Frameworks/ImageIO.framework/Versions/A/ImageIO
0x0000000008313000 	/System/Library/Frameworks/CoreText.framework/Versions/A/CoreText
0x0000000008313000 	/System/Library/Frameworks/CoreGraphics.framework/Versions/A/CoreGraphics
0x0000000008313000 	/System/Library/PrivateFrameworks/Backup.framework/Versions/A/Backup
0x0000000008313000 	/System/Library/Frameworks/CFNetwork.framework/Versions/A/CFNetwork
0x0000000008313000 	/System/Library/Frameworks/SystemConfiguration.framework/Versions/A/SystemConfiguration
0x0000000008313000 	/usr/lib/libCRFSuite.dylib
0x0000000008313000 	/usr/lib/libc++.1.dylib
0x0000000008313000 	/usr/lib/libc++abi.dylib
0x0000000008313000 	/usr/lib/system/libcache.dylib
0x0000000008313000 	/usr/lib/system/libcommonCrypto.dylib
0x0000000008313000 	/usr/lib/system/libcompiler_rt.dylib
0x0000000008313000 	/usr/lib/system/libcopyfile.dylib
0x0000000008313000 	/usr/lib/system/libcorecrypto.dylib
0x0000000008313000 	/usr/lib/system/libdispatch.dylib
0x0000000008313000 	/usr/lib/system/libdyld.dylib
0x0000000008313000 	/usr/lib/system/libkeymgr.dylib
0x0000000008313000 	/usr/lib/system/liblaunch.dylib
0x0000000008313000 	/usr/lib/system/libmacho.dylib
0x0000000008313000 	/usr/lib/system/libquarantine.dylib
0x0000000008313000 	/usr/lib/system/libremovefile.dylib
0x0000000008313000 	/usr/lib/system/libsystem_asl.dylib
0x0000000008313000 	/usr/lib/system/libsystem_blocks.dylib
0x0000000008313000 	/usr/lib/system/libsystem_c.dylib
0x0000000008313000 	/usr/lib/system/libsystem_configuration.dylib
0x0000000008313000 	/usr/lib/system/libsystem_dnssd.dylib
0x0000000008313000 	/usr/lib/system/libsystem_info.dylib
0x0000000008313000 	/usr/lib/system/libsystem_kernel.dylib
0x0000000008313000 	/usr/lib/system/libsystem_m.dylib
0x0000000008313000 	/usr/lib/system/libsystem_malloc.dylib
0x0000000008313000 	/usr/lib/system/libsystem_network.dylib
0x0000000008313000 	/usr/lib/system/libsystem_notify.dylib
0x0000000008313000 	/usr/lib/system/libsystem_platform.dylib
0x0000000008313000 	/usr/lib/system/libsystem_pthread.dylib
0x0000000008313000 	/usr/lib/system/libsystem_sandbox.dylib
0x0000000008313000 	/usr/lib/system/libsystem_stats.dylib
0x0000000008313000 	/usr/lib/system/libunc.dylib
0x0000000008313000 	/usr/lib/system/libunwind.dylib
0x0000000008313000 	/usr/lib/system/libxpc.dylib
0x0000000008313000 	/usr/lib/libbsm.0.dylib
0x0000000008313000 	/usr/lib/libsqlite3.dylib
0x0000000008313000 	/usr/lib/libxar.1.dylib
0x0000000008313000 	/usr/lib/libpam.2.dylib
0x0000000008313000 	/usr/lib/libOpenScriptingUtil.dylib
0x0000000008313000 	/usr/lib/libbz2.1.0.dylib
0x0000000008313000 	/System/Library/Frameworks/CoreServices.framework/Versions/A/Frameworks/CarbonCore.framework/Versions/A/CarbonCore
0x0000000008313000 	/System/Library/Frameworks/CoreServices.framework/Versions/A/Frameworks/Metadata.framework/Versions/A/Metadata
0x0000000008313000 	/System/Library/Frameworks/CoreServices.framework/Versions/A/Frameworks/OSServices.framework/Versions/A/OSServices
0x0000000008313000 	/System/Library/Frameworks/CoreServices.framework/Versions/A/Frameworks/SearchKit.framework/Versions/A/SearchKit
0x0000000008313000 	/System/Library/Frameworks/CoreServices.framework/Versions/A/Frameworks/AE.framework/Versions/A/AE
0x0000000008313000 	/System/Library/Frameworks/CoreServices.framework/Versions/A/Frameworks/LaunchServices.framework/Versions/A/LaunchServices
0x0000000008313000 	/System/Library/Frameworks/CoreServices.framework/Versions/A/Frameworks/DictionaryServices.framework/Versions/A/DictionaryServices
0x0000000008313000 	/System/Library/Frameworks/NetFS.framework/Versions/A/NetFS
0x0000000008313000 	/usr/lib/system/libkxld.dylib
0x0000000008313000 	/System/Library/PrivateFrameworks/NetAuth.framework/Versions/A/NetAuth
0x0000000008313000 	/System/Library/PrivateFrameworks/TCC.framework/Versions/A/TCC
0x0000000008313000 	/System/Library/Frameworks/OpenDirectory.framework/Versions/A/Frameworks/CFOpenDirectory.framework/Versions/A/CFOpenDirectory
0x0000000008313000 	/System/Library/Frameworks/ServiceManagement.framework/Versions/A/ServiceManagement
0x0000000008313000 	/usr/lib/libxslt.1.dylib
0x0000000008313000 	/System/Library/Frameworks/Carbon.framework/Versions/A/Frameworks/Ink.framework/Versions/A/Ink
0x0000000008313000 	/System/Library/Frameworks/ApplicationServices.framework/Versions/A/Frameworks/ATS.framework/Versions/A/ATS
0x0000000008313000 	/System/Library/Frameworks/ApplicationServices.framework/Versions/A/Frameworks/ColorSync.framework/Versions/A/ColorSync
0x0000000008313000 	/System/Library/Frameworks/ApplicationServices.framework/Versions/A/Frameworks/HIServices.framework/Versions/A/HIServices
0x0000000008313000 	/System/Library/Frameworks/ApplicationServices.framework/Versions/A/Frameworks/LangAnalysis.framework/Versions/A/LangAnalysis
0x0000000008313000 	/System/Library/Frameworks/ApplicationServices.framework/Versions/A/Frameworks/PrintCore.framework/Versions/A/PrintCore
0x0000000008313000 	/System/Library/Frameworks/ApplicationServices.framework/Versions/A/Frameworks/QD.framework/Versions/A/QD
0x0000000008313000 	/System/Library/Frameworks/ApplicationServices.framework/Versions/A/Frameworks/SpeechSynthesis.framework/Versions/A/SpeechSynthesis
0x0000000008313000 	/System/Library/Frameworks/IOSurface.framework/Versions/A/IOSurface
0x0000000008313000 	/System/Library/Frameworks/Accelerate.framework/Versions/A/Accelerate
0x0000000008313000 	/System/Library/Frameworks/Accelerate.framework/Versions/A/Frameworks/vImage.framework/Versions/A/vImage
0x0000000008313000 	/System/Library/Frameworks/Accelerate.framework/Versions/A/Frameworks/vecLib.framework/Versions/A/vecLib
0x0000000008313000 	/System/Library/Frameworks/Accelerate.framework/Versions/A/Frameworks/vecLib.framework/Versions/A/libvDSP.dylib
0x0000000008313000 	/System/Library/Frameworks/Accelerate.framework/Versions/A/Frameworks/vecLib.framework/Versions/A/libvMisc.dylib
0x0000000008313000 	/System/Library/Frameworks/Accelerate.framework/Versions/A/Frameworks/vecLib.framework/Versions/A/libLAPACK.dylib
0x0000000008313000 	/System/Library/Frameworks/Accelerate.framework/Versions/A/Frameworks/vecLib.framework/Versions/A/libBLAS.dylib
0x0000000008313000 	/System/Library/Frameworks/ApplicationServices.framework/Versions/A/Frameworks/ATS.framework/Versions/A/Resources/libFontParser.dylib
0x0000000008313000 	/System/Library/Frameworks/ApplicationServices.framework/Versions/A/Frameworks/ATS.framework/Versions/A/Resources/libFontRegistry.dylib
0x0000000008313000 	/System/Library/Frameworks/ImageIO.framework/Versions/A/Resources/libJPEG.dylib
0x0000000008313000 	/System/Library/Frameworks/ImageIO.framework/Versions/A/Resources/libTIFF.dylib
0x0000000008313000 	/System/Library/Frameworks/ImageIO.framework/Versions/A/Resources/libPng.dylib
0x0000000008313000 	/System/Library/Frameworks/ImageIO.framework/Versions/A/Resources/libGIF.dylib
0x0000000008313000 	/System/Library/Frameworks/ImageIO.framework/Versions/A/Resources/libJP2.dylib
0x0000000008313000 	/System/Library/Frameworks/ImageIO.framework/Versions/A/Resources/libRadiance.dylib
0x0000000008313000 	/usr/lib/libcups.2.dylib
0x0000000008313000 	/System/Library/Frameworks/Kerberos.framework/Versions/A/Kerberos
0x0000000008313000 	/System/Library/Frameworks/GSS.framework/Versions/A/GSS
0x0000000008313000 	/usr/lib/libresolv.9.dylib
0x0000000008313000 	/usr/lib/libiconv.2.dylib
0x0000000008313000 	/System/Library/PrivateFrameworks/Heimdal.framework/Versions/A/Heimdal
0x0000000008313000 	/System/Library/PrivateFrameworks/TrustEvaluationAgent.framework/Versions/A/TrustEvaluationAgent
0x0000000008313000 	/usr/lib/libheimdal-asn1.dylib
0x0000000008313000 	/System/Library/Frameworks/OpenDirectory.framework/Versions/A/OpenDirectory
0x0000000008313000 	/System/Library/PrivateFrameworks/CommonAuth.framework/Versions/A/CommonAuth
0x0000000008313000 	/System/Library/Frameworks/SecurityFoundation.framework/Versions/A/SecurityFoundation
0x0000000008313000 	/System/Library/PrivateFrameworks/Bom.framework/Versions/A/Bom
0x0000000008313000 	/System/Library/Frameworks/CoreVideo.framework/Versions/A/CoreVideo
0x0000000008313000 	/System/Library/Frameworks/QuartzCore.framework/Versions/A/Frameworks/CoreImage.framework/Versions/A/CoreImage
0x0000000008313000 	/System/Library/Frameworks/QuartzCore.framework/Versions/A/Frameworks/ScalableUserInterface.framework/Versions/A/ScalableUserInterface
0x0000000008313000 	/System/Library/Frameworks/OpenGL.framework/Versions/A/Libraries/libGLU.dylib
0x0000000008313000 	/System/Library/Frameworks/OpenGL.framework/Versions/A/Libraries/libGFXShared.dylib
0x0000000008313000 	/System/Library/Frameworks/OpenGL.framework/Versions/A/Libraries/libGL.dylib
0x0000000008313000 	/System/Library/Frameworks/OpenGL.framework/Versions/A/Libraries/libGLImage.dylib
0x0000000008313000 	/System/Library/Frameworks/OpenGL.framework/Versions/A/Libraries/libCVMSPluginSupport.dylib
0x0000000008313000 	/System/Library/Frameworks/OpenGL.framework/Versions/A/Libraries/libCoreVMClient.dylib
0x0000000008313000 	/System/Library/PrivateFrameworks/FaceCore.framework/Versions/A/FaceCore
0x0000000008313000 	/System/Library/PrivateFrameworks/CrashReporterSupport.framework/Versions/A/CrashReporterSupport
0x0000000008313000 	/System/Library/Frameworks/OpenCL.framework/Versions/A/OpenCL
0x0000000008313000 	/System/Library/PrivateFrameworks/AppleFSCompression.framework/Versions/A/AppleFSCompression
0x0000000008313000 	/System/Library/PrivateFrameworks/Ubiquity.framework/Versions/A/Ubiquity
0x0000000008313000 	/System/Library/PrivateFrameworks/IconServices.framework/Versions/A/IconServices
0x0000000008313000 	/System/Library/PrivateFrameworks/ChunkingLibrary.framework/Versions/A/ChunkingLibrary
0x0000000008313000 	/System/Library/PrivateFrameworks/CoreSymbolication.framework/Versions/A/CoreSymbolication
0x0000000008313000 	/System/Library/PrivateFrameworks/Symbolication.framework/Versions/A/Symbolication
0x0000000008313000 	/System/Library/PrivateFrameworks/DebugSymbols.framework/Versions/A/DebugSymbols
0x0000000111000000 	/Library/Java/JavaVirtualMachines/jdk1.7.0_67.jdk/Contents/Home/jre/lib/server/libjvm.dylib
0x0000000008313000 	/usr/lib/libstdc++.6.dylib
0x000000010ff90000 	/Library/Java/JavaVirtualMachines/jdk1.7.0_67.jdk/Contents/Home/jre/lib/libverify.dylib
0x000000010ff9d000 	/Library/Java/JavaVirtualMachines/jdk1.7.0_67.jdk/Contents/Home/jre/lib/libjava.dylib
0x000000010ffd7000 	/Library/Java/JavaVirtualMachines/jdk1.7.0_67.jdk/Contents/Home/jre/lib/libzip.dylib
0x000000010ffe1000 	/System/Library/Frameworks/JavaVM.framework/Frameworks/JavaRuntimeSupport.framework/JavaRuntimeSupport
0x0000000120f2e000 	/System/Library/Frameworks/JavaVM.framework/Versions/A/Frameworks/JavaNativeFoundation.framework/Versions/A/JavaNativeFoundation
0x0000000120f43000 	/System/Library/Frameworks/JavaVM.framework/Versions/A/JavaVM
0x0000000008313000 	/System/Library/Frameworks/Carbon.framework/Versions/A/Carbon
0x0000000120f50000 	/System/Library/PrivateFrameworks/JavaLaunching.framework/Versions/A/JavaLaunching
0x0000000008313000 	/System/Library/Frameworks/Carbon.framework/Versions/A/Frameworks/CommonPanels.framework/Versions/A/CommonPanels
0x0000000008313000 	/System/Library/Frameworks/Carbon.framework/Versions/A/Frameworks/Help.framework/Versions/A/Help
0x0000000008313000 	/System/Library/Frameworks/Carbon.framework/Versions/A/Frameworks/ImageCapture.framework/Versions/A/ImageCapture
0x0000000008313000 	/System/Library/Frameworks/Carbon.framework/Versions/A/Frameworks/OpenScripting.framework/Versions/A/OpenScripting
0x0000000008313000 	/System/Library/Frameworks/Carbon.framework/Versions/A/Frameworks/Print.framework/Versions/A/Print
0x0000000008313000 	/System/Library/Frameworks/Carbon.framework/Versions/A/Frameworks/SecurityHI.framework/Versions/A/SecurityHI
0x000000012175e000 	/Applications/IntelliJ IDEA 13.app/bin/libbreakgen64.jnilib
0x0000000121864000 	/Library/Java/JavaVirtualMachines/jdk1.7.0_67.jdk/Contents/Home/jre/lib/libnet.dylib
0x000000012197b000 	/private/var/folders/fw/ynrl9yjd30j25xytpggxt4k40000gn/T/libgdxjmullin/d8ae55ed/libgdx64.dylib
0x00000001219c5000 	/Library/Java/JavaVirtualMachines/jdk1.7.0_67.jdk/Contents/Home/jre/lib/libawt.dylib
0x0000000121a74000 	/Library/Java/JavaVirtualMachines/jdk1.7.0_67.jdk/Contents/Home/jre/lib/./libmlib_image.dylib
0x0000000121b40000 	/Library/Java/JavaVirtualMachines/jdk1.7.0_67.jdk/Contents/Home/jre/lib/lwawt/liblwawt.dylib
0x0000000121bf4000 	/Library/Java/JavaVirtualMachines/jdk1.7.0_67.jdk/Contents/Home/jre/lib/libosxapp.dylib
0x0000000008313000 	/System/Library/Frameworks/ExceptionHandling.framework/Versions/A/ExceptionHandling
0x0000000008313000 	/System/Library/PrivateFrameworks/CoreServicesInternal.framework/Versions/A/CoreServicesInternal
0x0000000008313000 	/System/Library/PrivateFrameworks/Librarian.framework/Versions/A/Librarian
0x0000000008313000 	/System/Library/Frameworks/CoreGraphics.framework/Versions/A/Resources/libCGCMS.A.dylib
0x0000000008313000 	/System/Library/Frameworks/CoreGraphics.framework/Versions/A/Resources/libRIP.A.dylib
0x0000000008313000 	/System/Library/Frameworks/CoreGraphics.framework/Versions/A/Resources/libCGXType.A.dylib
0x0000000008313000 	/System/Library/PrivateFrameworks/FamilyControls.framework/Versions/A/FamilyControls
0x0000000008313000 	/System/Library/PrivateFrameworks/CommerceKit.framework/Versions/A/Frameworks/CommerceCore.framework/Versions/A/CommerceCore
0x0000000008313000 	/System/Library/PrivateFrameworks/SystemAdministration.framework/Versions/A/SystemAdministration
0x0000000008313000 	/System/Library/Frameworks/DirectoryService.framework/Versions/A/DirectoryService
0x0000000008313000 	/System/Library/PrivateFrameworks/DiskImages.framework/Versions/A/DiskImages
0x0000000008313000 	/System/Library/PrivateFrameworks/LoginUIKit.framework/Versions/A/Frameworks/LoginUICore.framework/Versions/A/LoginUICore
0x0000000008313000 	/usr/lib/libCoreStorage.dylib
0x0000000008313000 	/usr/lib/libcsfde.dylib
0x0000000008313000 	/usr/lib/libodfde.dylib
0x0000000008313000 	/System/Library/Frameworks/DiscRecording.framework/Versions/A/DiscRecording
0x0000000008313000 	/usr/lib/libcurl.4.dylib
0x0000000008313000 	/System/Library/PrivateFrameworks/MediaKit.framework/Versions/A/MediaKit
0x0000000008313000 	/System/Library/PrivateFrameworks/EFILogin.framework/Versions/A/EFILogin
0x0000000008313000 	/usr/lib/libutil.dylib
0x0000000008313000 	/System/Library/PrivateFrameworks/AOSNotification.framework/Versions/A/AOSNotification
0x0000000008313000 	/System/Library/Frameworks/LDAP.framework/Versions/A/LDAP
0x0000000008313000 	/usr/lib/libsasl2.2.dylib
0x0000000008313000 	/usr/lib/libcrypto.0.9.8.dylib
0x0000000008313000 	/usr/lib/libssl.0.9.8.dylib
0x00000001260cb000 	/Library/Java/JavaVirtualMachines/jdk1.7.0_67.jdk/Contents/Home/jre/lib/libfontmanager.dylib
0x0000000126132000 	/private/var/folders/fw/ynrl9yjd30j25xytpggxt4k40000gn/T/libgdxjmullin/f7649394/liblwjgl.dylib
0x0000000123572000 	/Library/Java/JavaVirtualMachines/jdk1.7.0_67.jdk/Contents/Home/jre/lib/libjawt.dylib
0x00000001261b4000 	/var/folders/fw/ynrl9yjd30j25xytpggxt4k40000gn/T/libgdxjmullin/f7649394/openal.dylib
0x0000000126210000 	/System/Library/Components/CoreAudio.component/Contents/MacOS/CoreAudio
0x000000012359d000 	/System/Library/Extensions/AppleHDA.kext/Contents/PlugIns/AppleHDAHALPlugIn.bundle/Contents/MacOS/AppleHDAHALPlugIn
0x0000000008313000 	/System/Library/Frameworks/OpenGL.framework/Versions/A/Resources/GLEngine.bundle/GLEngine
0x0000000008313000 	/System/Library/Frameworks/OpenGL.framework/Versions/A/Libraries/libGLProgrammability.dylib
0x0000000000000000 	/System/Library/Extensions/AppleIntelHD5000GraphicsGLDriver.bundle/Contents/MacOS/AppleIntelHD5000GraphicsGLDriver
0x0000000008313000 	/System/Library/PrivateFrameworks/IOAccelerator.framework/Versions/A/IOAccelerator
0x0000000008313000 	/System/Library/PrivateFrameworks/GPUSupport.framework/Versions/A/Libraries/libGPUSupportMercury.dylib
0x0000000000000000 	/System/Library/Extensions/GeForceGLDriver.bundle/Contents/MacOS/GeForceGLDriver
0x0000000008313000 	/System/Library/Extensions/GeForceGLDriver.bundle/Contents/MacOS/libclh.dylib
0x0000000008313000 	/System/Library/Frameworks/OpenGL.framework/Versions/A/Resources/GLRendererFloat.bundle/GLRendererFloat
0x0000000008313000 	/System/Library/Frameworks/OpenCL.framework/Versions/A/Libraries/libcldcpuengine.dylib
0x0000000129037000 	/private/var/folders/fw/ynrl9yjd30j25xytpggxt4k40000gn/T/libgdxjmullin/b02f37a3/libgdx-box2d64.dylib

VM Arguments:
jvm_args: -Dvisualvm.id=1439090893528831000 -Didea.launcher.port=7542 -Didea.launcher.bin.path=/Applications/IntelliJ IDEA 13.app/bin -Dfile.encoding=UTF-8 
java_command: com.intellij.rt.execution.application.AppMain com.jmullin.abc.Main
Launcher Type: SUN_STANDARD

Environment Variables:
PATH=/usr/local/heroku/bin:/usr/bin:/bin:/usr/sbin:/sbin:/usr/local/bin:~/bin:~/Dev/activator-1.2.12:/opt/X11/bin
SHELL=/bin/bash
DISPLAY=/tmp/launch-5fMfAY/org.macosforge.xquartz:0

Signal Handlers:
SIGSEGV: [libjvm.dylib+0x52b6c9], sa_mask[0]=0xfffefeff, sa_flags=0x00000043
SIGBUS: [libjvm.dylib+0x52b6c9], sa_mask[0]=0xfffefeff, sa_flags=0x00000042
SIGFPE: [libjvm.dylib+0x41deaa], sa_mask[0]=0xfffefeff, sa_flags=0x00000042
SIGPIPE: [libjvm.dylib+0x41deaa], sa_mask[0]=0xfffefeff, sa_flags=0x00000042
SIGXFSZ: [libjvm.dylib+0x41deaa], sa_mask[0]=0xfffefeff, sa_flags=0x00000042
SIGILL: [libjvm.dylib+0x41deaa], sa_mask[0]=0xfffefeff, sa_flags=0x00000042
SIGUSR1: SIG_DFL, sa_mask[0]=0x00000000, sa_flags=0x00000002
SIGUSR2: [libjvm.dylib+0x41d99c], sa_mask[0]=0x00000004, sa_flags=0x00000042
SIGHUP: [libjvm.dylib+0x41bc2d], sa_mask[0]=0xfffefeff, sa_flags=0x00000042
SIGINT: [libjvm.dylib+0x41bc2d], sa_mask[0]=0xfffefeff, sa_flags=0x00000042
SIGTERM: [libjvm.dylib+0x41bc2d], sa_mask[0]=0xfffefeff, sa_flags=0x00000042
SIGQUIT: [libjvm.dylib+0x41bc2d], sa_mask[0]=0xfffefeff, sa_flags=0x00000042


---------------  S Y S T E M  ---------------

OS:Bsduname:Darwin 13.4.0 Darwin Kernel Version 13.4.0: Wed Mar 18 16:20:14 PDT 2015; root:xnu-2422.115.14~1/RELEASE_X86_64 x86_64
rlimit: STACK 8192k, CORE 0k, NPROC 709, NOFILE 10240, AS infinity
load average:2.48 2.14 2.08

CPU:total 8 (4 cores per cpu, 2 threads per core) family 6 model 70 stepping 1, cmov, cx8, fxsr, mmx, sse, sse2, sse3, ssse3, sse4.1, sse4.2, popcnt, avx, avx2, aes, erms, ht, tsc, tscinvbit

Memory: 4k page, physical 16777216k(4194304k free)

/proc/meminfo:


vm_info: Java HotSpot(TM) 64-Bit Server VM (24.65-b04) for bsd-amd64 JRE (1.7.0_67-b01), built on Jul 25 2014 08:51:51 by "java_re" with gcc 4.2.1 (Based on Apple Inc. build 5658) (LLVM build 2336.11.00)

time: Sat Aug  8 22:28:24 2015
elapsed time: 10 seconds

