#
# A fatal error has been detected by the Java Runtime Environment:
#
#  SIGSEGV (0xb) at pc=0x000000011d68ad11, pid=3521, tid=64515
#
# JRE version: Java(TM) SE Runtime Environment (7.0_67-b01) (build 1.7.0_67-b01)
# Java VM: Java HotSpot(TM) 64-Bit Server VM (24.65-b04 mixed mode bsd-amd64 compressed oops)
# Problematic frame:
# C  [libgdx-box2d64.dylib+0xad11]  b2BlockAllocator::Allocate(int)+0x61
#
# Failed to write core dump. Core dumps have been disabled. To enable core dumping, try "ulimit -c unlimited" before starting Java again
#
# If you would like to submit a bug report, please visit:
#   http://bugreport.sun.com/bugreport/crash.jsp
# The crash happened outside the Java Virtual Machine in native code.
# See problematic frame for where to report the bug.
#

---------------  T H R E A D  ---------------

Current thread (0x00007fbd23876800):  JavaThread "LWJGL Application" [_thread_in_native, id=64515, stack(0x000000011a42f000,0x000000011a52f000)]

siginfo:si_signo=SIGSEGV: si_errno=0, si_code=1 (SEGV_MAPERR), si_addr=0x00007fbf23dbd900

Registers:
RAX=0x00007fbf23dbd900, RBX=0x00007fbd25c7ce00, RCX=0x000000011d6b4fa0, RDX=0x00007fbd25c7ce00
RSP=0x000000011a52e070, RBP=0x000000011a52e0a0, RSI=0x00000000000000b8, RDI=0x00007fbd25c7ce00
R8 =0x0000000000000001, R9 =0x0000000000000001, R10=0x0000000105a71701, R11=0x000000010547579f
R12=0x0000000000000000, R13=0x00007fbd25c7ce00, R14=0x000000011a52e0e0, R15=0x0000000000000006
RIP=0x000000011d68ad11, EFLAGS=0x0000000000010206, ERR=0x0000000000000004
  TRAPNO=0x000000000000000e

Top of Stack: (sp=0x000000011a52e070)
0x000000011a52e070:   000000011d6a5400 00007fbd25c7ce00
0x000000011a52e080:   0000000000000000 00000006fb91a5f0
0x000000011a52e090:   000000011a52e0e0 00007fbd23876800
0x000000011a52e0a0:   000000011a52e0d0 000000011d69f8a6
0x000000011a52e0b0:   000000011d6a5400 00000006fb91a5f0
0x000000011a52e0c0:   000000011a52e2b0 00007fbd23876800
0x000000011a52e0d0:   000000011a52e120 000000011d6a55a6
0x000000011a52e0e0:   40e0000000000002 0000000040300000
0x000000011a52e0f0:   0000000000000000 3dcccccd00000000
0x000000011a52e100:   0000010100000000 0000000000000001
0x000000011a52e110:   0000000000000000 000000003f800000
0x000000011a52e120:   000000011a52e208 0000000105a71758
0x000000011a52e130:   0000000000000000 0000000000000000
0x000000011a52e140:   0000000000000001 000000003f800000
0x000000011a52e150:   0000000105a65058 0000000000000000
0x000000011a52e160:   0000000000000000 0000000000000200
0x000000011a52e170:   0000000000000200 000000013dd80000
0x000000011a52e180:   000000063f720000 000000063db00000
0x000000011a52e190:   0000000000000013 00000007aab4df08
0x000000011a52e1a0:   000000011a52e1a0 00000006fb6fa8ce
0x000000011a52e1b0:   000000011a52e218 00000006fb7e6f10
0x000000011a52e1c0:   000000011a52e1c0 000000011a52e1c8
0x000000011a52e1d0:   00000006fb91a5f0 000000011a52e2b0
0x000000011a52e1e0:   00000006fb933018 0000000000000000
0x000000011a52e1f0:   00000006fb91a5f0 0000000000000000
0x000000011a52e200:   000000011a52e228 000000011a52e2f8
0x000000011a52e210:   0000000105a65175 0000000000000000
0x000000011a52e220:   0000000105a6dcd7 000000013f800000
0x000000011a52e230:   0000000000000001 0000000000000000
0x000000011a52e240:   0000000000000000 0000000000000001
0x000000011a52e250:   0000000000000001 0000000100000000
0x000000011a52e260:   000000063dcccccd 0000000000000000 

Instructions: (pc=0x000000011d68ad11)
0x000000011d68acf1:   48 8d 0d a8 a2 02 00 44 0f b6 3c 08 49 83 ff 0e
0x000000011d68ad01:   0f 83 2b 01 00 00 4b 8b 44 fd 10 48 85 c0 74 0d
0x000000011d68ad11:   48 8b 08 4b 89 4c fd 10 e9 e9 00 00 00 41 8b 7d
0x000000011d68ad21:   08 41 3b 7d 0c 75 4e 4d 8b 75 00 83 ef 80 41 89 

Register to memory mapping:

RAX=0x00007fbf23dbd900 is an unknown value
RBX=0x00007fbd25c7ce00 is an unknown value
RCX=0x000000011d6b4fa0: _ZN16b2BlockAllocator17s_blockSizeLookupE+0 in /private/var/folders/fw/ynrl9yjd30j25xytpggxt4k40000gn/T/libgdxjmullin/b02f37a3/libgdx-box2d64.dylib at 0x000000011d680000
RDX=0x00007fbd25c7ce00 is an unknown value
RSP=0x000000011a52e070 is pointing into the stack for thread: 0x00007fbd23876800
RBP=0x000000011a52e0a0 is pointing into the stack for thread: 0x00007fbd23876800
RSI=0x00000000000000b8 is an unknown value
RDI=0x00007fbd25c7ce00 is an unknown value
R8 =0x0000000000000001 is an unknown value
R9 =0x0000000000000001 is an unknown value
R10=0x0000000105a71701 is at code_begin+577 in an Interpreter codelet
method entry point (kind = native)  [0x0000000105a714c0, 0x0000000105a71d00]  2112 bytes
R11=0x000000010547579f: throw_unsatisfied_link_error+0 in /Library/Java/JavaVirtualMachines/jdk1.7.0_67.jdk/Contents/Home/jre/lib/server/libjvm.dylib at 0x0000000105000000
R12=0x0000000000000000 is an unknown value
R13=0x00007fbd25c7ce00 is an unknown value
R14=0x000000011a52e0e0 is pointing into the stack for thread: 0x00007fbd23876800
R15=0x0000000000000006 is an unknown value


Stack: [0x000000011a42f000,0x000000011a52f000],  sp=0x000000011a52e070,  free space=1020k
Native frames: (J=compiled Java code, j=interpreted, Vv=VM code, C=native code)
C  [libgdx-box2d64.dylib+0xad11]  b2BlockAllocator::Allocate(int)+0x61
C  [libgdx-box2d64.dylib+0x1f8a6]  b2World::CreateBody(b2BodyDef const*)+0x26
C  [libgdx-box2d64.dylib+0x255a6]  Java_com_badlogic_gdx_physics_box2d_World_jniCreateBody+0xd6
j  com.badlogic.gdx.physics.box2d.World.jniCreateBody(JIFFFFFFFFZZZZZF)J+0
j  com.badlogic.gdx.physics.box2d.World.createBody(Lcom/badlogic/gdx/physics/box2d/BodyDef;)Lcom/badlogic/gdx/physics/box2d/Body;+80
j  com.jmullin.abc.entity.Letter.<init>(CLcom/badlogic/gdx/physics/box2d/World;)V+170
j  com.jmullin.abc.entity.PhysicsWorld$$anonfun$nextLine$4$$anonfun$apply$1.apply$mcV$sp()V+26
j  com.jmullin.drifter.animation.Trigger.execute(Lcom/jmullin/drifter/entity/Entity;)Lcom/jmullin/drifter/animation/Trigger;+4
J 315 C2 scala.collection.immutable.HashSet$HashTrieSet.foreach(Lscala/Function1;)V (29 bytes) @ 0x0000000105b7613c [0x0000000105b75f20+0x21c]
j  com.jmullin.drifter.entity.Entity$class.update(Lcom/jmullin/drifter/entity/Entity;F)V+15
j  com.jmullin.abc.entity.PhysicsWorld$.update(F)V+2
J 237 C2 scala.collection.immutable.List.map(Lscala/Function1;Lscala/collection/generic/CanBuildFrom;)Ljava/lang/Object; (122 bytes) @ 0x0000000105b4b640 [0x0000000105b4b2a0+0x3a0]
j  com.jmullin.drifter.entity.EntityContainer2D$class.updateChildren(Lcom/jmullin/drifter/entity/EntityContainer2D;F)V+21
j  com.jmullin.drifter.entity.Layer2D.updateChildren(F)V+2
j  com.jmullin.drifter.entity.Layer2D.update(F)V+16
j  com.jmullin.drifter.DrifterScreen$$anonfun$render$1.apply(Lcom/jmullin/drifter/entity/Layer;)V+5
j  com.jmullin.drifter.DrifterScreen$$anonfun$render$1.apply(Ljava/lang/Object;)Ljava/lang/Object;+5
J 206 C2 scala.collection.immutable.List.foreach(Lscala/Function1;)V (32 bytes) @ 0x0000000105b4118c [0x0000000105b41100+0x8c]
j  com.jmullin.drifter.DrifterScreen.render(F)V+124
j  com.badlogic.gdx.Game.render()V+19
j  com.badlogic.gdx.backends.lwjgl.LwjglApplication.mainLoop()V+684
j  com.badlogic.gdx.backends.lwjgl.LwjglApplication$1.run()V+27
v  ~StubRoutines::call_stub
V  [libjvm.dylib+0x2daef8]  JavaCalls::call_helper(JavaValue*, methodHandle*, JavaCallArguments*, Thread*)+0x22a
V  [libjvm.dylib+0x2db40f]  JavaCalls::call_virtual(JavaValue*, KlassHandle, Symbol*, Symbol*, JavaCallArguments*, Thread*)+0x11b
V  [libjvm.dylib+0x2db54c]  JavaCalls::call_virtual(JavaValue*, Handle, KlassHandle, Symbol*, Symbol*, Thread*)+0x4a
V  [libjvm.dylib+0x32a41e]  thread_entry(JavaThread*, Thread*)+0xad
V  [libjvm.dylib+0x4f5855]  JavaThread::thread_main_inner()+0x9b
V  [libjvm.dylib+0x4f6f5d]  JavaThread::run()+0x1a3
V  [libjvm.dylib+0x420772]  java_start(Thread*)+0x126
C  [libsystem_pthread.dylib+0x1899]  _pthread_body+0x8a
C  [libsystem_pthread.dylib+0x172a]  _pthread_struct_init+0x0
C  [libsystem_pthread.dylib+0x5fc9]  thread_start+0xd

Java frames: (J=compiled Java code, j=interpreted, Vv=VM code)
j  com.badlogic.gdx.physics.box2d.World.jniCreateBody(JIFFFFFFFFZZZZZF)J+0
j  com.badlogic.gdx.physics.box2d.World.createBody(Lcom/badlogic/gdx/physics/box2d/BodyDef;)Lcom/badlogic/gdx/physics/box2d/Body;+80
j  com.jmullin.abc.entity.Letter.<init>(CLcom/badlogic/gdx/physics/box2d/World;)V+170
j  com.jmullin.abc.entity.PhysicsWorld$$anonfun$nextLine$4$$anonfun$apply$1.apply$mcV$sp()V+26
j  com.jmullin.drifter.animation.Trigger.execute(Lcom/jmullin/drifter/entity/Entity;)Lcom/jmullin/drifter/animation/Trigger;+4
J 315 C2 scala.collection.immutable.HashSet$HashTrieSet.foreach(Lscala/Function1;)V (29 bytes) @ 0x0000000105b7613c [0x0000000105b75f20+0x21c]
j  com.jmullin.drifter.entity.Entity$class.update(Lcom/jmullin/drifter/entity/Entity;F)V+15
j  com.jmullin.abc.entity.PhysicsWorld$.update(F)V+2
J 237 C2 scala.collection.immutable.List.map(Lscala/Function1;Lscala/collection/generic/CanBuildFrom;)Ljava/lang/Object; (122 bytes) @ 0x0000000105b4b640 [0x0000000105b4b2a0+0x3a0]
j  com.jmullin.drifter.entity.EntityContainer2D$class.updateChildren(Lcom/jmullin/drifter/entity/EntityContainer2D;F)V+21
j  com.jmullin.drifter.entity.Layer2D.updateChildren(F)V+2
j  com.jmullin.drifter.entity.Layer2D.update(F)V+16
j  com.jmullin.drifter.DrifterScreen$$anonfun$render$1.apply(Lcom/jmullin/drifter/entity/Layer;)V+5
j  com.jmullin.drifter.DrifterScreen$$anonfun$render$1.apply(Ljava/lang/Object;)Ljava/lang/Object;+5
J 206 C2 scala.collection.immutable.List.foreach(Lscala/Function1;)V (32 bytes) @ 0x0000000105b4118c [0x0000000105b41100+0x8c]
j  com.jmullin.drifter.DrifterScreen.render(F)V+124
j  com.badlogic.gdx.Game.render()V+19
j  com.badlogic.gdx.backends.lwjgl.LwjglApplication.mainLoop()V+684
j  com.badlogic.gdx.backends.lwjgl.LwjglApplication$1.run()V+27
v  ~StubRoutines::call_stub

---------------  P R O C E S S  ---------------

Java Threads: ( => current thread )
  0x00007fbd25c21800 JavaThread "AsynchExecutor-Thread" daemon [_thread_blocked, id=69127, stack(0x000000011cacf000,0x000000011cbcf000)]
  0x00007fbd23920800 JavaThread "DestroyJavaVM" [_thread_blocked, id=6403, stack(0x0000000103e97000,0x0000000103f97000)]
=>0x00007fbd23876800 JavaThread "LWJGL Application" [_thread_in_native, id=64515, stack(0x000000011a42f000,0x000000011a52f000)]
  0x00007fbd2307c800 JavaThread "AppKit Thread" daemon [_thread_in_native, id=1287, stack(0x00007fff5bdfe000,0x00007fff5be7e000)]
  0x00007fbd2588f000 JavaThread "Monitor Ctrl-Break" daemon [_thread_in_native, id=22275, stack(0x0000000115668000,0x0000000115768000)]
  0x00007fbd26800000 JavaThread "Service Thread" daemon [_thread_blocked, id=21251, stack(0x000000011526d000,0x000000011536d000)]
  0x00007fbd23851000 JavaThread "C2 CompilerThread1" daemon [_thread_blocked, id=20739, stack(0x000000011516a000,0x000000011526a000)]
  0x00007fbd25808000 JavaThread "C2 CompilerThread0" daemon [_thread_blocked, id=20227, stack(0x0000000115067000,0x0000000115167000)]
  0x00007fbd25802800 JavaThread "Signal Dispatcher" daemon [_thread_blocked, id=19715, stack(0x0000000114f64000,0x0000000115064000)]
  0x00007fbd23841800 JavaThread "Finalizer" daemon [_thread_blocked, id=14595, stack(0x0000000114d29000,0x0000000114e29000)]
  0x00007fbd23841000 JavaThread "Reference Handler" daemon [_thread_blocked, id=14083, stack(0x0000000114c26000,0x0000000114d26000)]

Other Threads:
  0x00007fbd2383e800 VMThread [stack: 0x0000000114b23000,0x0000000114c23000] [id=13571]
  0x00007fbd2480f000 WatcherThread [stack: 0x0000000115370000,0x0000000115470000] [id=21763]

VM state:not at safepoint (normal execution)

VM Mutex/Monitor currently owned by a thread: None

Heap
 PSYoungGen      total 76800K, used 6010K [0x00000007aaa80000, 0x00000007b0000000, 0x0000000800000000)
  eden space 66048K, 2% used [0x00000007aaa80000,0x00000007aac1bda8,0x00000007aeb00000)
  from space 10752K, 40% used [0x00000007af580000,0x00000007af9c2b48,0x00000007b0000000)
  to   space 10752K, 0% used [0x00000007aeb00000,0x00000007aeb00000,0x00000007af580000)
 ParOldGen       total 174592K, used 80K [0x0000000700000000, 0x000000070aa80000, 0x00000007aaa80000)
  object space 174592K, 0% used [0x0000000700000000,0x0000000700014010,0x000000070aa80000)
 PSPermGen       total 21504K, used 13065K [0x00000006fae00000, 0x00000006fc300000, 0x0000000700000000)
  object space 21504K, 60% used [0x00000006fae00000,0x00000006fbac2718,0x00000006fc300000)

Card table byte_map: [0x0000000108b1f000,0x0000000109349000] byte_map_base: 0x0000000105348000

Polling page: 0x0000000103fd6000

Code Cache  [0x0000000105a5f000, 0x0000000105ccf000, 0x0000000108a5f000)
 total_blobs=768 nmethods=342 adapters=380 free_code_cache=48029Kb largest_free_block=49145216

Compilation events (10 events):
Event: 6.643 Thread 0x00007fbd23851000 nmethod 337 0x0000000105b7c050 code [0x0000000105b7c180, 0x0000000105b7c1d8]
Event: 6.643 Thread 0x00007fbd23851000  338             scala.collection.mutable.ListBuffer::$plus$eq (6 bytes)
Event: 6.645 Thread 0x00007fbd25808000 nmethod 333 0x0000000105b7d3d0 code [0x0000000105b7d540, 0x0000000105b7d7c8]
Event: 6.645 Thread 0x00007fbd25808000  339             org.lwjgl.MemoryUtil::getAddress (10 bytes)
Event: 6.646 Thread 0x00007fbd25808000 nmethod 339 0x0000000105b7a850 code [0x0000000105b7a980, 0x0000000105b7a9f8]
Event: 6.646 Thread 0x00007fbd23851000 nmethod 338 0x0000000105b7cdd0 code [0x0000000105b7cf40, 0x0000000105b7d1c8]
Event: 6.653 Thread 0x00007fbd25808000  341             scala.Some::x (5 bytes)
Event: 6.653 Thread 0x00007fbd25808000 nmethod 341 0x0000000105b7c890 code [0x0000000105b7c9c0, 0x0000000105b7ca38]
Event: 6.674 Thread 0x00007fbd23851000  342             java.nio.ByteOrder::nativeOrder (4 bytes)
Event: 6.674 Thread 0x00007fbd23851000 nmethod 342 0x0000000105b7c690 code [0x0000000105b7c7c0, 0x0000000105b7c818]

GC Heap History (4 events):
Event: 2.091 GC heap before
{Heap before GC invocations=1 (full 0):
 PSYoungGen      total 76800K, used 66048K [0x00000007aaa80000, 0x00000007b0000000, 0x0000000800000000)
  eden space 66048K, 100% used [0x00000007aaa80000,0x00000007aeb00000,0x00000007aeb00000)
  from space 10752K, 0% used [0x00000007af580000,0x00000007af580000,0x00000007b0000000)
  to   space 10752K, 0% used [0x00000007aeb00000,0x00000007aeb00000,0x00000007af580000)
 ParOldGen       total 174592K, used 0K [0x0000000700000000, 0x000000070aa80000, 0x00000007aaa80000)
  object space 174592K, 0% used [0x0000000700000000,0x0000000700000000,0x000000070aa80000)
 PSPermGen       total 21504K, used 12995K [0x00000006fae00000, 0x00000006fc300000, 0x0000000700000000)
  object space 21504K, 60% used [0x00000006fae00000,0x00000006fbab0f90,0x00000006fc300000)
Event: 2.099 GC heap after
Heap after GC invocations=1 (full 0):
 PSYoungGen      total 76800K, used 7908K [0x00000007aaa80000, 0x00000007b0000000, 0x0000000800000000)
  eden space 66048K, 0% used [0x00000007aaa80000,0x00000007aaa80000,0x00000007aeb00000)
  from space 10752K, 73% used [0x00000007aeb00000,0x00000007af2b9380,0x00000007af580000)
  to   space 10752K, 0% used [0x00000007af580000,0x00000007af580000,0x00000007b0000000)
 ParOldGen       total 174592K, used 8K [0x0000000700000000, 0x000000070aa80000, 0x00000007aaa80000)
  object space 174592K, 0% used [0x0000000700000000,0x0000000700002000,0x000000070aa80000)
 PSPermGen       total 21504K, used 12995K [0x00000006fae00000, 0x00000006fc300000, 0x0000000700000000)
  object space 21504K, 60% used [0x00000006fae00000,0x00000006fbab0f90,0x00000006fc300000)
}
Event: 6.646 GC heap before
{Heap before GC invocations=2 (full 0):
 PSYoungGen      total 76800K, used 73956K [0x00000007aaa80000, 0x00000007b0000000, 0x0000000800000000)
  eden space 66048K, 100% used [0x00000007aaa80000,0x00000007aeb00000,0x00000007aeb00000)
  from space 10752K, 73% used [0x00000007aeb00000,0x00000007af2b9380,0x00000007af580000)
  to   space 10752K, 0% used [0x00000007af580000,0x00000007af580000,0x00000007b0000000)
 ParOldGen       total 174592K, used 8K [0x0000000700000000, 0x000000070aa80000, 0x00000007aaa80000)
  object space 174592K, 0% used [0x0000000700000000,0x0000000700002000,0x000000070aa80000)
 PSPermGen       total 21504K, used 13064K [0x00000006fae00000, 0x00000006fc300000, 0x0000000700000000)
  object space 21504K, 60% used [0x00000006fae00000,0x00000006fbac2248,0x00000006fc300000)
Event: 6.650 GC heap after
Heap after GC invocations=2 (full 0):
 PSYoungGen      total 76800K, used 4362K [0x00000007aaa80000, 0x00000007b0000000, 0x0000000800000000)
  eden space 66048K, 0% used [0x00000007aaa80000,0x00000007aaa80000,0x00000007aeb00000)
  from space 10752K, 40% used [0x00000007af580000,0x00000007af9c2b48,0x00000007b0000000)
  to   space 10752K, 0% used [0x00000007aeb00000,0x00000007aeb00000,0x00000007af580000)
 ParOldGen       total 174592K, used 80K [0x0000000700000000, 0x000000070aa80000, 0x00000007aaa80000)
  object space 174592K, 0% used [0x0000000700000000,0x0000000700014010,0x000000070aa80000)
 PSPermGen       total 21504K, used 13064K [0x00000006fae00000, 0x00000006fc300000, 0x0000000700000000)
  object space 21504K, 60% used [0x00000006fae00000,0x00000006fbac2248,0x00000006fc300000)
}

Deoptimization events (1 events):
Event: 0.233 Thread 0x00007fbd24801000 Uncommon trap: reason=null_check action=make_not_entrant pc=0x0000000105ac6128 method=java.lang.String.equals(Ljava/lang/Object;)Z @ 8

Internal exceptions (10 events):
Event: 0.918 Thread 0x00007fbd23876800 Threw 0x00000007ad70a5a0 at /HUDSON/workspace/7u-2-build-macosx-x86_64/jdk7u67/1368/hotspot/src/share/vm/prims/jvm.cpp:1244
Event: 1.254 Thread 0x00007fbd23876800 Threw 0x00000007adb99e78 at /HUDSON/workspace/7u-2-build-macosx-x86_64/jdk7u67/1368/hotspot/src/share/vm/prims/jvm.cpp:1244
Event: 1.303 Thread 0x00007fbd23876800 Threw 0x00000007adc23330 at /HUDSON/workspace/7u-2-build-macosx-x86_64/jdk7u67/1368/hotspot/src/share/vm/prims/jvm.cpp:1244
Event: 1.403 Thread 0x00007fbd23876800 Threw 0x00000007aded11f8 at /HUDSON/workspace/7u-2-build-macosx-x86_64/jdk7u67/1368/hotspot/src/share/vm/prims/jvm.cpp:1244
Event: 1.420 Thread 0x00007fbd23876800 Threw 0x00000007adf11150 at /HUDSON/workspace/7u-2-build-macosx-x86_64/jdk7u67/1368/hotspot/src/share/vm/prims/jvm.cpp:1244
Event: 1.420 Thread 0x00007fbd23876800 Threw 0x00000007adf15478 at /HUDSON/workspace/7u-2-build-macosx-x86_64/jdk7u67/1368/hotspot/src/share/vm/prims/jvm.cpp:1244
Event: 6.637 Thread 0x00007fbd23876800 Threw 0x00000007aeaab630 at /HUDSON/workspace/7u-2-build-macosx-x86_64/jdk7u67/1368/hotspot/src/share/vm/prims/jvm.cpp:1244
Event: 6.639 Thread 0x00007fbd23876800 Threw 0x00000007aeab2d28 at /HUDSON/workspace/7u-2-build-macosx-x86_64/jdk7u67/1368/hotspot/src/share/vm/prims/jvm.cpp:1244
Event: 6.640 Thread 0x00007fbd23876800 Threw 0x00000007aeabab38 at /HUDSON/workspace/7u-2-build-macosx-x86_64/jdk7u67/1368/hotspot/src/share/vm/prims/jvm.cpp:1244
Event: 6.640 Thread 0x00007fbd23876800 Threw 0x00000007aeac2468 at /HUDSON/workspace/7u-2-build-macosx-x86_64/jdk7u67/1368/hotspot/src/share/vm/prims/jvm.cpp:1244

Events (10 events):
Event: 6.657 Executing VM operation: RevokeBias
Event: 6.657 Executing VM operation: RevokeBias done
Event: 6.657 Executing VM operation: RevokeBias
Event: 6.657 Executing VM operation: RevokeBias done
Event: 6.657 Executing VM operation: RevokeBias
Event: 6.657 Executing VM operation: RevokeBias done
Event: 6.657 Executing VM operation: RevokeBias
Event: 6.657 Executing VM operation: RevokeBias done
Event: 6.657 Executing VM operation: RevokeBias
Event: 6.657 Executing VM operation: RevokeBias done


Dynamic libraries:
0x00000000013a3000 	/System/Library/Frameworks/Cocoa.framework/Versions/A/Cocoa
0x00000000013a3000 	/System/Library/Frameworks/Security.framework/Versions/A/Security
0x00000000013a3000 	/System/Library/Frameworks/ApplicationServices.framework/Versions/A/ApplicationServices
0x00000000013a3000 	/usr/lib/libz.1.dylib
0x00000000013a3000 	/usr/lib/libSystem.B.dylib
0x00000000013a3000 	/usr/lib/libobjc.A.dylib
0x00000000013a3000 	/System/Library/Frameworks/CoreFoundation.framework/Versions/A/CoreFoundation
0x00000000013a3000 	/System/Library/Frameworks/Foundation.framework/Versions/C/Foundation
0x00000000013a3000 	/System/Library/Frameworks/AppKit.framework/Versions/C/AppKit
0x00000000013a3000 	/System/Library/Frameworks/CoreData.framework/Versions/A/CoreData
0x00000000013a3000 	/System/Library/PrivateFrameworks/RemoteViewServices.framework/Versions/A/RemoteViewServices
0x00000000013a3000 	/System/Library/Frameworks/AudioToolbox.framework/Versions/A/AudioToolbox
0x00000000013a3000 	/System/Library/Frameworks/AudioUnit.framework/Versions/A/AudioUnit
0x00000000013a3000 	/System/Library/PrivateFrameworks/DataDetectorsCore.framework/Versions/A/DataDetectorsCore
0x00000000013a3000 	/System/Library/PrivateFrameworks/DesktopServicesPriv.framework/Versions/A/DesktopServicesPriv
0x00000000013a3000 	/System/Library/Frameworks/Carbon.framework/Versions/A/Frameworks/HIToolbox.framework/Versions/A/HIToolbox
0x00000000013a3000 	/System/Library/Frameworks/QuartzCore.framework/Versions/A/QuartzCore
0x00000000013a3000 	/System/Library/Frameworks/Carbon.framework/Versions/A/Frameworks/SpeechRecognition.framework/Versions/A/SpeechRecognition
0x00000000013a3000 	/usr/lib/libauto.dylib
0x00000000013a3000 	/usr/lib/libicucore.A.dylib
0x00000000013a3000 	/usr/lib/libxml2.2.dylib
0x00000000013a3000 	/System/Library/PrivateFrameworks/CoreUI.framework/Versions/A/CoreUI
0x00000000013a3000 	/System/Library/Frameworks/CoreAudio.framework/Versions/A/CoreAudio
0x00000000013a3000 	/System/Library/Frameworks/DiskArbitration.framework/Versions/A/DiskArbitration
0x00000000013a3000 	/usr/lib/liblangid.dylib
0x00000000013a3000 	/System/Library/PrivateFrameworks/MultitouchSupport.framework/Versions/A/MultitouchSupport
0x00000000013a3000 	/System/Library/Frameworks/IOKit.framework/Versions/A/IOKit
0x00000000013a3000 	/usr/lib/libDiagnosticMessagesClient.dylib
0x00000000013a3000 	/System/Library/Frameworks/CoreServices.framework/Versions/A/CoreServices
0x00000000013a3000 	/System/Library/PrivateFrameworks/PerformanceAnalysis.framework/Versions/A/PerformanceAnalysis
0x00000000013a3000 	/System/Library/PrivateFrameworks/GenerationalStorage.framework/Versions/A/GenerationalStorage
0x00000000013a3000 	/System/Library/Frameworks/OpenGL.framework/Versions/A/OpenGL
0x00000000013a3000 	/System/Library/PrivateFrameworks/Sharing.framework/Versions/A/Sharing
0x00000000013a3000 	/System/Library/Frameworks/ImageIO.framework/Versions/A/ImageIO
0x00000000013a3000 	/System/Library/Frameworks/CoreText.framework/Versions/A/CoreText
0x00000000013a3000 	/System/Library/Frameworks/CoreGraphics.framework/Versions/A/CoreGraphics
0x00000000013a3000 	/System/Library/PrivateFrameworks/Backup.framework/Versions/A/Backup
0x00000000013a3000 	/System/Library/Frameworks/CFNetwork.framework/Versions/A/CFNetwork
0x00000000013a3000 	/System/Library/Frameworks/SystemConfiguration.framework/Versions/A/SystemConfiguration
0x00000000013a3000 	/usr/lib/libCRFSuite.dylib
0x00000000013a3000 	/usr/lib/libc++.1.dylib
0x00000000013a3000 	/usr/lib/libc++abi.dylib
0x00000000013a3000 	/usr/lib/system/libcache.dylib
0x00000000013a3000 	/usr/lib/system/libcommonCrypto.dylib
0x00000000013a3000 	/usr/lib/system/libcompiler_rt.dylib
0x00000000013a3000 	/usr/lib/system/libcopyfile.dylib
0x00000000013a3000 	/usr/lib/system/libcorecrypto.dylib
0x00000000013a3000 	/usr/lib/system/libdispatch.dylib
0x00000000013a3000 	/usr/lib/system/libdyld.dylib
0x00000000013a3000 	/usr/lib/system/libkeymgr.dylib
0x00000000013a3000 	/usr/lib/system/liblaunch.dylib
0x00000000013a3000 	/usr/lib/system/libmacho.dylib
0x00000000013a3000 	/usr/lib/system/libquarantine.dylib
0x00000000013a3000 	/usr/lib/system/libremovefile.dylib
0x00000000013a3000 	/usr/lib/system/libsystem_asl.dylib
0x00000000013a3000 	/usr/lib/system/libsystem_blocks.dylib
0x00000000013a3000 	/usr/lib/system/libsystem_c.dylib
0x00000000013a3000 	/usr/lib/system/libsystem_configuration.dylib
0x00000000013a3000 	/usr/lib/system/libsystem_dnssd.dylib
0x00000000013a3000 	/usr/lib/system/libsystem_info.dylib
0x00000000013a3000 	/usr/lib/system/libsystem_kernel.dylib
0x00000000013a3000 	/usr/lib/system/libsystem_m.dylib
0x00000000013a3000 	/usr/lib/system/libsystem_malloc.dylib
0x00000000013a3000 	/usr/lib/system/libsystem_network.dylib
0x00000000013a3000 	/usr/lib/system/libsystem_notify.dylib
0x00000000013a3000 	/usr/lib/system/libsystem_platform.dylib
0x00000000013a3000 	/usr/lib/system/libsystem_pthread.dylib
0x00000000013a3000 	/usr/lib/system/libsystem_sandbox.dylib
0x00000000013a3000 	/usr/lib/system/libsystem_stats.dylib
0x00000000013a3000 	/usr/lib/system/libunc.dylib
0x00000000013a3000 	/usr/lib/system/libunwind.dylib
0x00000000013a3000 	/usr/lib/system/libxpc.dylib
0x00000000013a3000 	/usr/lib/libbsm.0.dylib
0x00000000013a3000 	/usr/lib/libsqlite3.dylib
0x00000000013a3000 	/usr/lib/libxar.1.dylib
0x00000000013a3000 	/usr/lib/libpam.2.dylib
0x00000000013a3000 	/usr/lib/libOpenScriptingUtil.dylib
0x00000000013a3000 	/usr/lib/libbz2.1.0.dylib
0x00000000013a3000 	/System/Library/Frameworks/CoreServices.framework/Versions/A/Frameworks/CarbonCore.framework/Versions/A/CarbonCore
0x00000000013a3000 	/System/Library/Frameworks/CoreServices.framework/Versions/A/Frameworks/Metadata.framework/Versions/A/Metadata
0x00000000013a3000 	/System/Library/Frameworks/CoreServices.framework/Versions/A/Frameworks/OSServices.framework/Versions/A/OSServices
0x00000000013a3000 	/System/Library/Frameworks/CoreServices.framework/Versions/A/Frameworks/SearchKit.framework/Versions/A/SearchKit
0x00000000013a3000 	/System/Library/Frameworks/CoreServices.framework/Versions/A/Frameworks/AE.framework/Versions/A/AE
0x00000000013a3000 	/System/Library/Frameworks/CoreServices.framework/Versions/A/Frameworks/LaunchServices.framework/Versions/A/LaunchServices
0x00000000013a3000 	/System/Library/Frameworks/CoreServices.framework/Versions/A/Frameworks/DictionaryServices.framework/Versions/A/DictionaryServices
0x00000000013a3000 	/System/Library/Frameworks/NetFS.framework/Versions/A/NetFS
0x00000000013a3000 	/usr/lib/system/libkxld.dylib
0x00000000013a3000 	/System/Library/PrivateFrameworks/NetAuth.framework/Versions/A/NetAuth
0x00000000013a3000 	/System/Library/PrivateFrameworks/TCC.framework/Versions/A/TCC
0x00000000013a3000 	/System/Library/Frameworks/OpenDirectory.framework/Versions/A/Frameworks/CFOpenDirectory.framework/Versions/A/CFOpenDirectory
0x00000000013a3000 	/System/Library/Frameworks/ServiceManagement.framework/Versions/A/ServiceManagement
0x00000000013a3000 	/usr/lib/libxslt.1.dylib
0x00000000013a3000 	/System/Library/Frameworks/Carbon.framework/Versions/A/Frameworks/Ink.framework/Versions/A/Ink
0x00000000013a3000 	/System/Library/Frameworks/ApplicationServices.framework/Versions/A/Frameworks/ATS.framework/Versions/A/ATS
0x00000000013a3000 	/System/Library/Frameworks/ApplicationServices.framework/Versions/A/Frameworks/ColorSync.framework/Versions/A/ColorSync
0x00000000013a3000 	/System/Library/Frameworks/ApplicationServices.framework/Versions/A/Frameworks/HIServices.framework/Versions/A/HIServices
0x00000000013a3000 	/System/Library/Frameworks/ApplicationServices.framework/Versions/A/Frameworks/LangAnalysis.framework/Versions/A/LangAnalysis
0x00000000013a3000 	/System/Library/Frameworks/ApplicationServices.framework/Versions/A/Frameworks/PrintCore.framework/Versions/A/PrintCore
0x00000000013a3000 	/System/Library/Frameworks/ApplicationServices.framework/Versions/A/Frameworks/QD.framework/Versions/A/QD
0x00000000013a3000 	/System/Library/Frameworks/ApplicationServices.framework/Versions/A/Frameworks/SpeechSynthesis.framework/Versions/A/SpeechSynthesis
0x00000000013a3000 	/System/Library/Frameworks/IOSurface.framework/Versions/A/IOSurface
0x00000000013a3000 	/System/Library/Frameworks/Accelerate.framework/Versions/A/Accelerate
0x00000000013a3000 	/System/Library/Frameworks/Accelerate.framework/Versions/A/Frameworks/vImage.framework/Versions/A/vImage
0x00000000013a3000 	/System/Library/Frameworks/Accelerate.framework/Versions/A/Frameworks/vecLib.framework/Versions/A/vecLib
0x00000000013a3000 	/System/Library/Frameworks/Accelerate.framework/Versions/A/Frameworks/vecLib.framework/Versions/A/libvDSP.dylib
0x00000000013a3000 	/System/Library/Frameworks/Accelerate.framework/Versions/A/Frameworks/vecLib.framework/Versions/A/libvMisc.dylib
0x00000000013a3000 	/System/Library/Frameworks/Accelerate.framework/Versions/A/Frameworks/vecLib.framework/Versions/A/libLAPACK.dylib
0x00000000013a3000 	/System/Library/Frameworks/Accelerate.framework/Versions/A/Frameworks/vecLib.framework/Versions/A/libBLAS.dylib
0x00000000013a3000 	/System/Library/Frameworks/ApplicationServices.framework/Versions/A/Frameworks/ATS.framework/Versions/A/Resources/libFontParser.dylib
0x00000000013a3000 	/System/Library/Frameworks/ApplicationServices.framework/Versions/A/Frameworks/ATS.framework/Versions/A/Resources/libFontRegistry.dylib
0x00000000013a3000 	/System/Library/Frameworks/ImageIO.framework/Versions/A/Resources/libJPEG.dylib
0x00000000013a3000 	/System/Library/Frameworks/ImageIO.framework/Versions/A/Resources/libTIFF.dylib
0x00000000013a3000 	/System/Library/Frameworks/ImageIO.framework/Versions/A/Resources/libPng.dylib
0x00000000013a3000 	/System/Library/Frameworks/ImageIO.framework/Versions/A/Resources/libGIF.dylib
0x00000000013a3000 	/System/Library/Frameworks/ImageIO.framework/Versions/A/Resources/libJP2.dylib
0x00000000013a3000 	/System/Library/Frameworks/ImageIO.framework/Versions/A/Resources/libRadiance.dylib
0x00000000013a3000 	/usr/lib/libcups.2.dylib
0x00000000013a3000 	/System/Library/Frameworks/Kerberos.framework/Versions/A/Kerberos
0x00000000013a3000 	/System/Library/Frameworks/GSS.framework/Versions/A/GSS
0x00000000013a3000 	/usr/lib/libresolv.9.dylib
0x00000000013a3000 	/usr/lib/libiconv.2.dylib
0x00000000013a3000 	/System/Library/PrivateFrameworks/Heimdal.framework/Versions/A/Heimdal
0x00000000013a3000 	/System/Library/PrivateFrameworks/TrustEvaluationAgent.framework/Versions/A/TrustEvaluationAgent
0x00000000013a3000 	/usr/lib/libheimdal-asn1.dylib
0x00000000013a3000 	/System/Library/Frameworks/OpenDirectory.framework/Versions/A/OpenDirectory
0x00000000013a3000 	/System/Library/PrivateFrameworks/CommonAuth.framework/Versions/A/CommonAuth
0x00000000013a3000 	/System/Library/Frameworks/SecurityFoundation.framework/Versions/A/SecurityFoundation
0x00000000013a3000 	/System/Library/PrivateFrameworks/Bom.framework/Versions/A/Bom
0x00000000013a3000 	/System/Library/Frameworks/CoreVideo.framework/Versions/A/CoreVideo
0x00000000013a3000 	/System/Library/Frameworks/QuartzCore.framework/Versions/A/Frameworks/CoreImage.framework/Versions/A/CoreImage
0x00000000013a3000 	/System/Library/Frameworks/QuartzCore.framework/Versions/A/Frameworks/ScalableUserInterface.framework/Versions/A/ScalableUserInterface
0x00000000013a3000 	/System/Library/Frameworks/OpenGL.framework/Versions/A/Libraries/libGLU.dylib
0x00000000013a3000 	/System/Library/Frameworks/OpenGL.framework/Versions/A/Libraries/libGFXShared.dylib
0x00000000013a3000 	/System/Library/Frameworks/OpenGL.framework/Versions/A/Libraries/libGL.dylib
0x00000000013a3000 	/System/Library/Frameworks/OpenGL.framework/Versions/A/Libraries/libGLImage.dylib
0x00000000013a3000 	/System/Library/Frameworks/OpenGL.framework/Versions/A/Libraries/libCVMSPluginSupport.dylib
0x00000000013a3000 	/System/Library/Frameworks/OpenGL.framework/Versions/A/Libraries/libCoreVMClient.dylib
0x00000000013a3000 	/System/Library/PrivateFrameworks/FaceCore.framework/Versions/A/FaceCore
0x00000000013a3000 	/System/Library/PrivateFrameworks/CrashReporterSupport.framework/Versions/A/CrashReporterSupport
0x00000000013a3000 	/System/Library/Frameworks/OpenCL.framework/Versions/A/OpenCL
0x00000000013a3000 	/System/Library/PrivateFrameworks/AppleFSCompression.framework/Versions/A/AppleFSCompression
0x00000000013a3000 	/System/Library/PrivateFrameworks/Ubiquity.framework/Versions/A/Ubiquity
0x00000000013a3000 	/System/Library/PrivateFrameworks/IconServices.framework/Versions/A/IconServices
0x00000000013a3000 	/System/Library/PrivateFrameworks/ChunkingLibrary.framework/Versions/A/ChunkingLibrary
0x00000000013a3000 	/System/Library/PrivateFrameworks/CoreSymbolication.framework/Versions/A/CoreSymbolication
0x00000000013a3000 	/System/Library/PrivateFrameworks/Symbolication.framework/Versions/A/Symbolication
0x00000000013a3000 	/System/Library/PrivateFrameworks/DebugSymbols.framework/Versions/A/DebugSymbols
0x0000000105000000 	/Library/Java/JavaVirtualMachines/jdk1.7.0_67.jdk/Contents/Home/jre/lib/server/libjvm.dylib
0x00000000013a3000 	/usr/lib/libstdc++.6.dylib
0x0000000103f99000 	/Library/Java/JavaVirtualMachines/jdk1.7.0_67.jdk/Contents/Home/jre/lib/libverify.dylib
0x0000000103fa6000 	/Library/Java/JavaVirtualMachines/jdk1.7.0_67.jdk/Contents/Home/jre/lib/libjava.dylib
0x0000000103fe0000 	/Library/Java/JavaVirtualMachines/jdk1.7.0_67.jdk/Contents/Home/jre/lib/libzip.dylib
0x0000000114e2b000 	/System/Library/Frameworks/JavaVM.framework/Frameworks/JavaRuntimeSupport.framework/JavaRuntimeSupport
0x0000000103fea000 	/System/Library/Frameworks/JavaVM.framework/Versions/A/Frameworks/JavaNativeFoundation.framework/Versions/A/JavaNativeFoundation
0x0000000114e43000 	/System/Library/Frameworks/JavaVM.framework/Versions/A/JavaVM
0x00000000013a3000 	/System/Library/Frameworks/Carbon.framework/Versions/A/Carbon
0x0000000114e50000 	/System/Library/PrivateFrameworks/JavaLaunching.framework/Versions/A/JavaLaunching
0x00000000013a3000 	/System/Library/Frameworks/Carbon.framework/Versions/A/Frameworks/CommonPanels.framework/Versions/A/CommonPanels
0x00000000013a3000 	/System/Library/Frameworks/Carbon.framework/Versions/A/Frameworks/Help.framework/Versions/A/Help
0x00000000013a3000 	/System/Library/Frameworks/Carbon.framework/Versions/A/Frameworks/ImageCapture.framework/Versions/A/ImageCapture
0x00000000013a3000 	/System/Library/Frameworks/Carbon.framework/Versions/A/Frameworks/OpenScripting.framework/Versions/A/OpenScripting
0x00000000013a3000 	/System/Library/Frameworks/Carbon.framework/Versions/A/Frameworks/Print.framework/Versions/A/Print
0x00000000013a3000 	/System/Library/Frameworks/Carbon.framework/Versions/A/Frameworks/SecurityHI.framework/Versions/A/SecurityHI
0x0000000115664000 	/Applications/IntelliJ IDEA 13.app/bin/libbreakgen64.jnilib
0x000000011576a000 	/Library/Java/JavaVirtualMachines/jdk1.7.0_67.jdk/Contents/Home/jre/lib/libnet.dylib
0x0000000115881000 	/private/var/folders/fw/ynrl9yjd30j25xytpggxt4k40000gn/T/libgdxjmullin/d8ae55ed/libgdx64.dylib
0x00000001158cb000 	/Library/Java/JavaVirtualMachines/jdk1.7.0_67.jdk/Contents/Home/jre/lib/libawt.dylib
0x000000011597a000 	/Library/Java/JavaVirtualMachines/jdk1.7.0_67.jdk/Contents/Home/jre/lib/./libmlib_image.dylib
0x0000000115a46000 	/Library/Java/JavaVirtualMachines/jdk1.7.0_67.jdk/Contents/Home/jre/lib/lwawt/liblwawt.dylib
0x0000000115afa000 	/Library/Java/JavaVirtualMachines/jdk1.7.0_67.jdk/Contents/Home/jre/lib/libosxapp.dylib
0x00000000013a3000 	/System/Library/Frameworks/ExceptionHandling.framework/Versions/A/ExceptionHandling
0x00000000013a3000 	/System/Library/PrivateFrameworks/CoreServicesInternal.framework/Versions/A/CoreServicesInternal
0x00000000013a3000 	/System/Library/PrivateFrameworks/Librarian.framework/Versions/A/Librarian
0x00000000013a3000 	/System/Library/Frameworks/CoreGraphics.framework/Versions/A/Resources/libCGCMS.A.dylib
0x00000000013a3000 	/System/Library/Frameworks/CoreGraphics.framework/Versions/A/Resources/libRIP.A.dylib
0x00000000013a3000 	/System/Library/Frameworks/CoreGraphics.framework/Versions/A/Resources/libCGXType.A.dylib
0x00000000013a3000 	/System/Library/PrivateFrameworks/FamilyControls.framework/Versions/A/FamilyControls
0x00000000013a3000 	/System/Library/PrivateFrameworks/CommerceKit.framework/Versions/A/Frameworks/CommerceCore.framework/Versions/A/CommerceCore
0x00000000013a3000 	/System/Library/PrivateFrameworks/SystemAdministration.framework/Versions/A/SystemAdministration
0x00000000013a3000 	/System/Library/Frameworks/DirectoryService.framework/Versions/A/DirectoryService
0x00000000013a3000 	/System/Library/PrivateFrameworks/DiskImages.framework/Versions/A/DiskImages
0x00000000013a3000 	/System/Library/PrivateFrameworks/LoginUIKit.framework/Versions/A/Frameworks/LoginUICore.framework/Versions/A/LoginUICore
0x00000000013a3000 	/usr/lib/libCoreStorage.dylib
0x00000000013a3000 	/usr/lib/libcsfde.dylib
0x00000000013a3000 	/usr/lib/libodfde.dylib
0x00000000013a3000 	/System/Library/Frameworks/DiscRecording.framework/Versions/A/DiscRecording
0x00000000013a3000 	/usr/lib/libcurl.4.dylib
0x00000000013a3000 	/System/Library/PrivateFrameworks/MediaKit.framework/Versions/A/MediaKit
0x00000000013a3000 	/System/Library/PrivateFrameworks/EFILogin.framework/Versions/A/EFILogin
0x00000000013a3000 	/usr/lib/libutil.dylib
0x00000000013a3000 	/System/Library/PrivateFrameworks/AOSNotification.framework/Versions/A/AOSNotification
0x00000000013a3000 	/System/Library/Frameworks/LDAP.framework/Versions/A/LDAP
0x00000000013a3000 	/usr/lib/libsasl2.2.dylib
0x00000000013a3000 	/usr/lib/libcrypto.0.9.8.dylib
0x00000000013a3000 	/usr/lib/libssl.0.9.8.dylib
0x0000000119f94000 	/Library/Java/JavaVirtualMachines/jdk1.7.0_67.jdk/Contents/Home/jre/lib/libfontmanager.dylib
0x0000000119ffb000 	/private/var/folders/fw/ynrl9yjd30j25xytpggxt4k40000gn/T/libgdxjmullin/f7649394/liblwjgl.dylib
0x00000001174b5000 	/Library/Java/JavaVirtualMachines/jdk1.7.0_67.jdk/Contents/Home/jre/lib/libjawt.dylib
0x000000011a07d000 	/var/folders/fw/ynrl9yjd30j25xytpggxt4k40000gn/T/libgdxjmullin/f7649394/openal.dylib
0x000000011a0d9000 	/System/Library/Components/CoreAudio.component/Contents/MacOS/CoreAudio
0x000000011a355000 	/System/Library/Extensions/AppleHDA.kext/Contents/PlugIns/AppleHDAHALPlugIn.bundle/Contents/MacOS/AppleHDAHALPlugIn
0x00000000013a3000 	/System/Library/Frameworks/OpenGL.framework/Versions/A/Resources/GLEngine.bundle/GLEngine
0x00000000013a3000 	/System/Library/Frameworks/OpenGL.framework/Versions/A/Libraries/libGLProgrammability.dylib
0x0000000000000000 	/System/Library/Extensions/AppleIntelHD5000GraphicsGLDriver.bundle/Contents/MacOS/AppleIntelHD5000GraphicsGLDriver
0x00000000013a3000 	/System/Library/PrivateFrameworks/IOAccelerator.framework/Versions/A/IOAccelerator
0x00000000013a3000 	/System/Library/PrivateFrameworks/GPUSupport.framework/Versions/A/Libraries/libGPUSupportMercury.dylib
0x0000000000000000 	/System/Library/Extensions/GeForceGLDriver.bundle/Contents/MacOS/GeForceGLDriver
0x00000000013a3000 	/System/Library/Extensions/GeForceGLDriver.bundle/Contents/MacOS/libclh.dylib
0x00000000013a3000 	/System/Library/Frameworks/OpenGL.framework/Versions/A/Resources/GLRendererFloat.bundle/GLRendererFloat
0x00000000013a3000 	/System/Library/Frameworks/OpenCL.framework/Versions/A/Libraries/libcldcpuengine.dylib
0x000000011d680000 	/private/var/folders/fw/ynrl9yjd30j25xytpggxt4k40000gn/T/libgdxjmullin/b02f37a3/libgdx-box2d64.dylib

VM Arguments:
jvm_args: -Dvisualvm.id=1440205162645768000 -Didea.launcher.port=7535 -Didea.launcher.bin.path=/Applications/IntelliJ IDEA 13.app/bin -Dfile.encoding=UTF-8 
java_command: com.intellij.rt.execution.application.AppMain com.jmullin.abc.Main
Launcher Type: SUN_STANDARD

Environment Variables:
PATH=/usr/local/heroku/bin:/usr/bin:/bin:/usr/sbin:/sbin:/usr/local/bin:~/bin:~/Dev/activator-1.2.12:/opt/X11/bin
SHELL=/bin/bash
DISPLAY=/tmp/launch-73U622/org.macosforge.xquartz:0

Signal Handlers:
SIGSEGV: [libjvm.dylib+0x52b6c9], sa_mask[0]=0xfffefeff, sa_flags=0x00000043
SIGBUS: [libjvm.dylib+0x52b6c9], sa_mask[0]=0xfffefeff, sa_flags=0x00000042
SIGFPE: [libjvm.dylib+0x41deaa], sa_mask[0]=0xfffefeff, sa_flags=0x00000042
SIGPIPE: [libjvm.dylib+0x41deaa], sa_mask[0]=0xfffefeff, sa_flags=0x00000042
SIGXFSZ: [libjvm.dylib+0x41deaa], sa_mask[0]=0xfffefeff, sa_flags=0x00000042
SIGILL: [libjvm.dylib+0x41deaa], sa_mask[0]=0xfffefeff, sa_flags=0x00000042
SIGUSR1: SIG_DFL, sa_mask[0]=0x00000000, sa_flags=0x00000002
SIGUSR2: [libjvm.dylib+0x41d99c], sa_mask[0]=0x00000004, sa_flags=0x00000042
SIGHUP: [libjvm.dylib+0x41bc2d], sa_mask[0]=0xfffefeff, sa_flags=0x00000042
SIGINT: [libjvm.dylib+0x41bc2d], sa_mask[0]=0xfffefeff, sa_flags=0x00000042
SIGTERM: [libjvm.dylib+0x41bc2d], sa_mask[0]=0xfffefeff, sa_flags=0x00000042
SIGQUIT: [libjvm.dylib+0x41bc2d], sa_mask[0]=0xfffefeff, sa_flags=0x00000042


---------------  S Y S T E M  ---------------

OS:Bsduname:Darwin 13.4.0 Darwin Kernel Version 13.4.0: Wed Mar 18 16:20:14 PDT 2015; root:xnu-2422.115.14~1/RELEASE_X86_64 x86_64
rlimit: STACK 8192k, CORE 0k, NPROC 709, NOFILE 10240, AS infinity
load average:2.29 2.21 2.28

CPU:total 8 (4 cores per cpu, 2 threads per core) family 6 model 70 stepping 1, cmov, cx8, fxsr, mmx, sse, sse2, sse3, ssse3, sse4.1, sse4.2, popcnt, avx, avx2, aes, erms, ht, tsc, tscinvbit

Memory: 4k page, physical 16777216k(4194304k free)

/proc/meminfo:


vm_info: Java HotSpot(TM) 64-Bit Server VM (24.65-b04) for bsd-amd64 JRE (1.7.0_67-b01), built on Jul 25 2014 08:51:51 by "java_re" with gcc 4.2.1 (Based on Apple Inc. build 5658) (LLVM build 2336.11.00)

time: Fri Aug 21 19:59:29 2015
elapsed time: 6 seconds

