#
# A fatal error has been detected by the Java Runtime Environment:
#
#  SIGSEGV (0xb) at pc=0x000000011d30cd80, pid=592, tid=64259
#
# JRE version: Java(TM) SE Runtime Environment (7.0_67-b01) (build 1.7.0_67-b01)
# Java VM: Java HotSpot(TM) 64-Bit Server VM (24.65-b04 mixed mode bsd-amd64 compressed oops)
# Problematic frame:
# C  [libgdx-box2d64.dylib+0x1dd80]  b2Fixture::Create(b2BlockAllocator*, b2Body*, b2FixtureDef const*)+0x60
#
# Failed to write core dump. Core dumps have been disabled. To enable core dumping, try "ulimit -c unlimited" before starting Java again
#
# If you would like to submit a bug report, please visit:
#   http://bugreport.sun.com/bugreport/crash.jsp
# The crash happened outside the Java Virtual Machine in native code.
# See problematic frame for where to report the bug.
#

---------------  T H R E A D  ---------------

Current thread (0x00007f9b298ab000):  JavaThread "LWJGL Application" [_thread_in_native, id=64259, stack(0x000000011a762000,0x000000011a862000)]

siginfo:si_signo=SIGSEGV: si_errno=0, si_code=0 (SEGV0), si_addr=0x0000000000000000

Registers:
RAX=0xf000000000000000, RBX=0x00007f9b29a5d400, RCX=0x000000011a8612a0, RDX=0x00007f9b29a5d400
RSP=0x000000011a861230, RBP=0x000000011a861250, RSI=0x00007f9b29b88a00, RDI=0x00007f9b28585f30
R8 =0x0000000000000060, R9 =0x000000000000002c, R10=0x0000000000005800, R11=0x00000000de3151fb
R12=0x00007f9b29b88a00, R13=0x00007f9b29ba7200, R14=0x000000011a8612a0, R15=0x00007f9b29ba7200
RIP=0x000000011d30cd80, EFLAGS=0x0000000000010206, ERR=0x0000000000000000
  TRAPNO=0x000000000000000d

Top of Stack: (sp=0x000000011a861230)
0x000000011a861230:   00007f9b29a5d400 00007f9b29b88a00
0x000000011a861240:   00007f9b29ba7200 000000011a8612a0
0x000000011a861250:   000000011a861290 000000011d30b9fb
0x000000011a861260:   000000011d310000 00000006fb941d50
0x000000011a861270:   0000000000000000 00000006fb941d50
0x000000011a861280:   000000011a861400 00007f9b298ab000
0x000000011a861290:   000000011a8612d0 000000011d3126fa
0x000000011a8612a0:   00007f9b28585f30 0000000000000000
0x000000011a8612b0:   000000003e4ccccd 000100003f800000
0x000000011a8612c0:   000000010000ffff 0000000105dda5ed
0x000000011a8612d0:   000000011a861388 0000000105dda758
0x000000011a8612e0:   00000001ffffffff 0000000100000000
0x000000011a8612f0:   0000000100000000 000000011a861448
0x000000011a861300:   000000011a8613a8 00007f9b2a303e50
0x000000011a861310:   00007f9b2a9ffa10 0000000200000001
0x000000011a861320:   0000000900000010 00007f9b298ab000
0x000000011a861330:   00007f9b298ab000 000000011a8613a8
0x000000011a861340:   0000000105de4e5f 000000011a861348
0x000000011a861350:   00000006fb941d50 000000011a861400
0x000000011a861360:   00000006fb947ef0 0000000000000000
0x000000011a861370:   00000006fb941d50 0000000000000000
0x000000011a861380:   000000011a8613a8 000000011a861448
0x000000011a861390:   0000000105dce175 0000000000000000
0x000000011a8613a0:   0000000105dd6cd7 0000000000000000
0x000000011a8613b0:   00000000ffffffff 0000000000000001
0x000000011a8613c0:   0000000000000000 000000073f800000
0x000000011a8613d0:   0000000700000000 000000073e4ccccd
0x000000011a8613e0:   00007f9b28585f30 00000007ad078da0
0x000000011a8613f0:   00007f9b29a5d400 00000007ad069e60
0x000000011a861400:   00000007ad069e60 000000011a861408
0x000000011a861410:   00000006fb941c19 000000011a861478
0x000000011a861420:   00000006fb947ef0 0000000000000000 

Instructions: (pc=0x000000011d30cd80)
0x000000011d30cd60:   66 41 8b 46 22 66 41 89 47 38 41 8b 46 1e 41 89
0x000000011d30cd70:   47 34 41 8a 46 1c 41 88 47 3a 49 8b 3e 48 8b 07
0x000000011d30cd80:   ff 50 10 49 89 47 18 48 8b 08 48 89 c7 ff 51 18
0x000000011d30cd90:   89 c3 89 de c1 e6 05 4c 89 e7 e8 11 cf fe ff 49 

Register to memory mapping:

RAX=0xf000000000000000 is an unknown value
RBX=0x00007f9b29a5d400 is an unknown value
RCX=0x000000011a8612a0 is pointing into the stack for thread: 0x00007f9b298ab000
RDX=0x00007f9b29a5d400 is an unknown value
RSP=0x000000011a861230 is pointing into the stack for thread: 0x00007f9b298ab000
RBP=0x000000011a861250 is pointing into the stack for thread: 0x00007f9b298ab000
RSI=0x00007f9b29b88a00 is an unknown value
RDI=0x00007f9b28585f30 is an unknown value
R8 =0x0000000000000060 is an unknown value
R9 =0x000000000000002c is an unknown value
R10=0x0000000000005800 is an unknown value
R11=0x00000000de3151fb is an unknown value
R12=0x00007f9b29b88a00 is an unknown value
R13=0x00007f9b29ba7200 is an unknown value
R14=0x000000011a8612a0 is pointing into the stack for thread: 0x00007f9b298ab000
R15=0x00007f9b29ba7200 is an unknown value


Stack: [0x000000011a762000,0x000000011a862000],  sp=0x000000011a861230,  free space=1020k
Native frames: (J=compiled Java code, j=interpreted, Vv=VM code, C=native code)
C  [libgdx-box2d64.dylib+0x1dd80]  b2Fixture::Create(b2BlockAllocator*, b2Body*, b2FixtureDef const*)+0x60
C  [libgdx-box2d64.dylib+0x1c9fb]  b2Body::CreateFixture(b2FixtureDef const*)+0x5b
C  [libgdx-box2d64.dylib+0x236fa]  Java_com_badlogic_gdx_physics_box2d_Body_jniCreateFixture__JJFFFZSSS+0x4a
j  com.badlogic.gdx.physics.box2d.Body.jniCreateFixture(JJFFFZSSS)J+0
j  com.badlogic.gdx.physics.box2d.Body.createFixture(Lcom/badlogic/gdx/physics/box2d/FixtureDef;)Lcom/badlogic/gdx/physics/box2d/Fixture;+49
j  com.jmullin.abc.entity.PhysicsWorld.newWidget(Lcom/badlogic/gdx/math/Vector2;)Lcom/jmullin/abc/entity/PhysicsWorld$WidgetBody;+78
j  com.jmullin.abc.entity.PhysicsWorld$$anonfun$1.apply(I)Lcom/jmullin/abc/entity/PhysicsWorld$WidgetBody;+30
j  com.jmullin.abc.entity.PhysicsWorld$$anonfun$1.apply(Ljava/lang/Object;)Ljava/lang/Object;+5
j  scala.collection.TraversableLike$$anonfun$map$1.apply(Ljava/lang/Object;)Lscala/collection/mutable/Builder;+9
j  scala.collection.TraversableLike$$anonfun$map$1.apply(Ljava/lang/Object;)Ljava/lang/Object;+2
j  scala.collection.immutable.Range.foreach(Lscala/Function1;)V+89
j  scala.collection.TraversableLike$class.map(Lscala/collection/TraversableLike;Lscala/Function1;Lscala/collection/generic/CanBuildFrom;)Ljava/lang/Object;+17
j  scala.collection.AbstractTraversable.map(Lscala/Function1;Lscala/collection/generic/CanBuildFrom;)Ljava/lang/Object;+3
j  com.jmullin.abc.entity.PhysicsWorld.<init>()V+64
j  com.jmullin.abc.MainScreen.<init>(Lcom/jmullin/drifter/DrifterGame;)V+56
j  com.jmullin.abc.abc$.create()V+52
j  com.badlogic.gdx.backends.lwjgl.LwjglApplication.mainLoop()V+29
j  com.badlogic.gdx.backends.lwjgl.LwjglApplication$1.run()V+27
v  ~StubRoutines::call_stub
V  [libjvm.dylib+0x2daef8]  JavaCalls::call_helper(JavaValue*, methodHandle*, JavaCallArguments*, Thread*)+0x22a
V  [libjvm.dylib+0x2db40f]  JavaCalls::call_virtual(JavaValue*, KlassHandle, Symbol*, Symbol*, JavaCallArguments*, Thread*)+0x11b
V  [libjvm.dylib+0x2db54c]  JavaCalls::call_virtual(JavaValue*, Handle, KlassHandle, Symbol*, Symbol*, Thread*)+0x4a
V  [libjvm.dylib+0x32a41e]  thread_entry(JavaThread*, Thread*)+0xad
V  [libjvm.dylib+0x4f5855]  JavaThread::thread_main_inner()+0x9b
V  [libjvm.dylib+0x4f6f5d]  JavaThread::run()+0x1a3
V  [libjvm.dylib+0x420772]  java_start(Thread*)+0x126
C  [libsystem_pthread.dylib+0x1899]  _pthread_body+0x8a
C  [libsystem_pthread.dylib+0x172a]  _pthread_struct_init+0x0
C  [libsystem_pthread.dylib+0x5fc9]  thread_start+0xd

Java frames: (J=compiled Java code, j=interpreted, Vv=VM code)
j  com.badlogic.gdx.physics.box2d.Body.jniCreateFixture(JJFFFZSSS)J+0
j  com.badlogic.gdx.physics.box2d.Body.createFixture(Lcom/badlogic/gdx/physics/box2d/FixtureDef;)Lcom/badlogic/gdx/physics/box2d/Fixture;+49
j  com.jmullin.abc.entity.PhysicsWorld.newWidget(Lcom/badlogic/gdx/math/Vector2;)Lcom/jmullin/abc/entity/PhysicsWorld$WidgetBody;+78
j  com.jmullin.abc.entity.PhysicsWorld$$anonfun$1.apply(I)Lcom/jmullin/abc/entity/PhysicsWorld$WidgetBody;+30
j  com.jmullin.abc.entity.PhysicsWorld$$anonfun$1.apply(Ljava/lang/Object;)Ljava/lang/Object;+5
j  scala.collection.TraversableLike$$anonfun$map$1.apply(Ljava/lang/Object;)Lscala/collection/mutable/Builder;+9
j  scala.collection.TraversableLike$$anonfun$map$1.apply(Ljava/lang/Object;)Ljava/lang/Object;+2
j  scala.collection.immutable.Range.foreach(Lscala/Function1;)V+89
j  scala.collection.TraversableLike$class.map(Lscala/collection/TraversableLike;Lscala/Function1;Lscala/collection/generic/CanBuildFrom;)Ljava/lang/Object;+17
j  scala.collection.AbstractTraversable.map(Lscala/Function1;Lscala/collection/generic/CanBuildFrom;)Ljava/lang/Object;+3
j  com.jmullin.abc.entity.PhysicsWorld.<init>()V+64
j  com.jmullin.abc.MainScreen.<init>(Lcom/jmullin/drifter/DrifterGame;)V+56
j  com.jmullin.abc.abc$.create()V+52
j  com.badlogic.gdx.backends.lwjgl.LwjglApplication.mainLoop()V+29
j  com.badlogic.gdx.backends.lwjgl.LwjglApplication$1.run()V+27
v  ~StubRoutines::call_stub

---------------  P R O C E S S  ---------------

Java Threads: ( => current thread )
  0x00007f9b2c258800 JavaThread "AsynchExecutor-Thread" daemon [_thread_blocked, id=69123, stack(0x000000011ce4f000,0x000000011cf4f000)]
  0x00007f9b2a8ca000 JavaThread "DestroyJavaVM" [_thread_blocked, id=6403, stack(0x0000000105c76000,0x0000000105d76000)]
=>0x00007f9b298ab000 JavaThread "LWJGL Application" [_thread_in_native, id=64259, stack(0x000000011a762000,0x000000011a862000)]
  0x00007f9b2a881800 JavaThread "AWT-Shutdown" [_thread_blocked, id=30475, stack(0x00000001175da000,0x00000001176da000)]
  0x00007f9b29891000 JavaThread "AppKit Thread" daemon [_thread_in_native, id=1287, stack(0x00007fff5ba7e000,0x00007fff5bafe000)]
  0x00007f9b290b8800 JavaThread "Monitor Ctrl-Break" daemon [_thread_in_native, id=22275, stack(0x00000001159e8000,0x0000000115ae8000)]
  0x00007f9b2c002000 JavaThread "Service Thread" daemon [_thread_blocked, id=21251, stack(0x00000001155ed000,0x00000001156ed000)]
  0x00007f9b2c001000 JavaThread "C2 CompilerThread1" daemon [_thread_blocked, id=20739, stack(0x00000001154ea000,0x00000001155ea000)]
  0x00007f9b29027000 JavaThread "C2 CompilerThread0" daemon [_thread_blocked, id=20227, stack(0x00000001153e7000,0x00000001154e7000)]
  0x00007f9b29013000 JavaThread "Signal Dispatcher" daemon [_thread_blocked, id=19715, stack(0x00000001152e4000,0x00000001153e4000)]
  0x00007f9b29805000 JavaThread "Finalizer" daemon [_thread_blocked, id=14595, stack(0x0000000115093000,0x0000000115193000)]
  0x00007f9b29804800 JavaThread "Reference Handler" daemon [_thread_blocked, id=14083, stack(0x0000000114f90000,0x0000000115090000)]

Other Threads:
  0x00007f9b2a83f800 VMThread [stack: 0x0000000114e8d000,0x0000000114f8d000] [id=13571]
  0x00007f9b29014000 WatcherThread [stack: 0x00000001156f0000,0x00000001157f0000] [id=21763]

VM state:not at safepoint (normal execution)

VM Mutex/Monitor currently owned by a thread: None

Heap
 PSYoungGen      total 76800K, used 40034K [0x00000007aaa80000, 0x00000007b0000000, 0x0000000800000000)
  eden space 66048K, 60% used [0x00000007aaa80000,0x00000007ad198b88,0x00000007aeb00000)
  from space 10752K, 0% used [0x00000007af580000,0x00000007af580000,0x00000007b0000000)
  to   space 10752K, 0% used [0x00000007aeb00000,0x00000007aeb00000,0x00000007af580000)
 ParOldGen       total 174592K, used 0K [0x0000000700000000, 0x000000070aa80000, 0x00000007aaa80000)
  object space 174592K, 0% used [0x0000000700000000,0x0000000700000000,0x000000070aa80000)
 PSPermGen       total 21504K, used 11563K [0x00000006fae00000, 0x00000006fc300000, 0x0000000700000000)
  object space 21504K, 53% used [0x00000006fae00000,0x00000006fb94afa8,0x00000006fc300000)

Card table byte_map: [0x0000000108e88000,0x00000001096b2000] byte_map_base: 0x00000001056b1000

Polling page: 0x0000000105db5000

Code Cache  [0x0000000105dc8000, 0x0000000106038000, 0x0000000108dc8000)
 total_blobs=480 nmethods=65 adapters=369 free_code_cache=48468Kb largest_free_block=49616512

Compilation events (10 events):
Event: 1.066 Thread 0x00007f9b29027000 nmethod 61 0x0000000105e61210 code [0x0000000105e61340, 0x0000000105e61558]
Event: 1.070 Thread 0x00007f9b2c001000 nmethod 58 0x0000000105e5cc10 code [0x0000000105e5ce00, 0x0000000105e5e3d0]
Event: 1.086 Thread 0x00007f9b29027000   62             java.net.URL::getHost (5 bytes)
Event: 1.086 Thread 0x00007f9b29027000 nmethod 62 0x0000000105e6e750 code [0x0000000105e6e880, 0x0000000105e6e8f8]
Event: 1.104 Thread 0x00007f9b2c001000   63             java.lang.String::indexOf (25 bytes)
Event: 1.105 Thread 0x00007f9b2c001000 nmethod 63 0x0000000105e71e10 code [0x0000000105e71f60, 0x0000000105e72048]
Event: 1.109 Thread 0x00007f9b29027000   64             java.lang.String::endsWith (17 bytes)
Event: 1.111 Thread 0x00007f9b29027000 nmethod 64 0x0000000105e734d0 code [0x0000000105e73620, 0x0000000105e73838]
Event: 1.128 Thread 0x00007f9b2c001000   65             java.util.zip.ZStreamRef::address (5 bytes)
Event: 1.128 Thread 0x00007f9b2c001000 nmethod 65 0x0000000105e73b50 code [0x0000000105e73c80, 0x0000000105e73cd8]

GC Heap History (0 events):
No events

Deoptimization events (1 events):
Event: 0.226 Thread 0x00007f9b2b000000 Uncommon trap: reason=null_check action=make_not_entrant pc=0x0000000105e2f128 method=java.lang.String.equals(Ljava/lang/Object;)Z @ 8

Internal exceptions (10 events):
Event: 1.126 Thread 0x00007f9b298ab000 Threw 0x00000007ad028bc0 at /HUDSON/workspace/7u-2-build-macosx-x86_64/jdk7u67/1368/hotspot/src/share/vm/prims/jvm.cpp:1244
Event: 1.127 Thread 0x00007f9b298ab000 Threw 0x00000007ad03c6e0 at /HUDSON/workspace/7u-2-build-macosx-x86_64/jdk7u67/1368/hotspot/src/share/vm/prims/jvm.cpp:1244
Event: 1.127 Thread 0x00007f9b298ab000 Threw 0x00000007ad042d78 at /HUDSON/workspace/7u-2-build-macosx-x86_64/jdk7u67/1368/hotspot/src/share/vm/prims/jvm.cpp:1244
Event: 1.127 Thread 0x00007f9b298ab000 Threw 0x00000007ad04b870 at /HUDSON/workspace/7u-2-build-macosx-x86_64/jdk7u67/1368/hotspot/src/share/vm/prims/jvm.cpp:1244
Event: 1.128 Thread 0x00007f9b298ab000 Threw 0x00000007ad053240 at /HUDSON/workspace/7u-2-build-macosx-x86_64/jdk7u67/1368/hotspot/src/share/vm/prims/jvm.cpp:1244
Event: 1.128 Thread 0x00007f9b298ab000 Threw 0x00000007ad05ba30 at /HUDSON/workspace/7u-2-build-macosx-x86_64/jdk7u67/1368/hotspot/src/share/vm/prims/jvm.cpp:1244
Event: 1.129 Thread 0x00007f9b298ab000 Threw 0x00000007ad06b778 at /HUDSON/workspace/7u-2-build-macosx-x86_64/jdk7u67/1368/hotspot/src/share/vm/prims/jvm.cpp:1244
Event: 1.129 Thread 0x00007f9b298ab000 Threw 0x00000007ad0735f0 at /HUDSON/workspace/7u-2-build-macosx-x86_64/jdk7u67/1368/hotspot/src/share/vm/prims/jvm.cpp:1244
Event: 1.130 Thread 0x00007f9b298ab000 Threw 0x00000007ad07a788 at /HUDSON/workspace/7u-2-build-macosx-x86_64/jdk7u67/1368/hotspot/src/share/vm/prims/jvm.cpp:1244
Event: 1.130 Thread 0x00007f9b298ab000 Threw 0x00000007ad0818c0 at /HUDSON/workspace/7u-2-build-macosx-x86_64/jdk7u67/1368/hotspot/src/share/vm/prims/jvm.cpp:1244

Events (10 events):
Event: 1.128 loading class 0x00007f9b2857ba70
Event: 1.128 loading class 0x00007f9b2857ba70 done
Event: 1.129 loading class 0x00007f9b28585db0
Event: 1.129 loading class 0x00007f9b28585db0 done
Event: 1.129 loading class 0x00007f9b28585df0
Event: 1.129 loading class 0x00007f9b28585df0 done
Event: 1.130 loading class 0x00007f9b2857b9d0
Event: 1.130 loading class 0x00007f9b2857b9d0 done
Event: 1.130 loading class 0x00007f9b28580cc0
Event: 1.130 loading class 0x00007f9b28580cc0 done


Dynamic libraries:
0x0000000005c17000 	/System/Library/Frameworks/Cocoa.framework/Versions/A/Cocoa
0x0000000005c17000 	/System/Library/Frameworks/Security.framework/Versions/A/Security
0x0000000005c17000 	/System/Library/Frameworks/ApplicationServices.framework/Versions/A/ApplicationServices
0x0000000005c17000 	/usr/lib/libz.1.dylib
0x0000000005c17000 	/usr/lib/libSystem.B.dylib
0x0000000005c17000 	/usr/lib/libobjc.A.dylib
0x0000000005c17000 	/System/Library/Frameworks/CoreFoundation.framework/Versions/A/CoreFoundation
0x0000000005c17000 	/System/Library/Frameworks/Foundation.framework/Versions/C/Foundation
0x0000000005c17000 	/System/Library/Frameworks/AppKit.framework/Versions/C/AppKit
0x0000000005c17000 	/System/Library/Frameworks/CoreData.framework/Versions/A/CoreData
0x0000000005c17000 	/System/Library/PrivateFrameworks/RemoteViewServices.framework/Versions/A/RemoteViewServices
0x0000000005c17000 	/System/Library/Frameworks/AudioToolbox.framework/Versions/A/AudioToolbox
0x0000000005c17000 	/System/Library/Frameworks/AudioUnit.framework/Versions/A/AudioUnit
0x0000000005c17000 	/System/Library/PrivateFrameworks/DataDetectorsCore.framework/Versions/A/DataDetectorsCore
0x0000000005c17000 	/System/Library/PrivateFrameworks/DesktopServicesPriv.framework/Versions/A/DesktopServicesPriv
0x0000000005c17000 	/System/Library/Frameworks/Carbon.framework/Versions/A/Frameworks/HIToolbox.framework/Versions/A/HIToolbox
0x0000000005c17000 	/System/Library/Frameworks/QuartzCore.framework/Versions/A/QuartzCore
0x0000000005c17000 	/System/Library/Frameworks/Carbon.framework/Versions/A/Frameworks/SpeechRecognition.framework/Versions/A/SpeechRecognition
0x0000000005c17000 	/usr/lib/libauto.dylib
0x0000000005c17000 	/usr/lib/libicucore.A.dylib
0x0000000005c17000 	/usr/lib/libxml2.2.dylib
0x0000000005c17000 	/System/Library/PrivateFrameworks/CoreUI.framework/Versions/A/CoreUI
0x0000000005c17000 	/System/Library/Frameworks/CoreAudio.framework/Versions/A/CoreAudio
0x0000000005c17000 	/System/Library/Frameworks/DiskArbitration.framework/Versions/A/DiskArbitration
0x0000000005c17000 	/usr/lib/liblangid.dylib
0x0000000005c17000 	/System/Library/PrivateFrameworks/MultitouchSupport.framework/Versions/A/MultitouchSupport
0x0000000005c17000 	/System/Library/Frameworks/IOKit.framework/Versions/A/IOKit
0x0000000005c17000 	/usr/lib/libDiagnosticMessagesClient.dylib
0x0000000005c17000 	/System/Library/Frameworks/CoreServices.framework/Versions/A/CoreServices
0x0000000005c17000 	/System/Library/PrivateFrameworks/PerformanceAnalysis.framework/Versions/A/PerformanceAnalysis
0x0000000005c17000 	/System/Library/PrivateFrameworks/GenerationalStorage.framework/Versions/A/GenerationalStorage
0x0000000005c17000 	/System/Library/Frameworks/OpenGL.framework/Versions/A/OpenGL
0x0000000005c17000 	/System/Library/PrivateFrameworks/Sharing.framework/Versions/A/Sharing
0x0000000005c17000 	/System/Library/Frameworks/ImageIO.framework/Versions/A/ImageIO
0x0000000005c17000 	/System/Library/Frameworks/CoreText.framework/Versions/A/CoreText
0x0000000005c17000 	/System/Library/Frameworks/CoreGraphics.framework/Versions/A/CoreGraphics
0x0000000005c17000 	/System/Library/PrivateFrameworks/Backup.framework/Versions/A/Backup
0x0000000005c17000 	/System/Library/Frameworks/CFNetwork.framework/Versions/A/CFNetwork
0x0000000005c17000 	/System/Library/Frameworks/SystemConfiguration.framework/Versions/A/SystemConfiguration
0x0000000005c17000 	/usr/lib/libCRFSuite.dylib
0x0000000005c17000 	/usr/lib/libc++.1.dylib
0x0000000005c17000 	/usr/lib/libc++abi.dylib
0x0000000005c17000 	/usr/lib/system/libcache.dylib
0x0000000005c17000 	/usr/lib/system/libcommonCrypto.dylib
0x0000000005c17000 	/usr/lib/system/libcompiler_rt.dylib
0x0000000005c17000 	/usr/lib/system/libcopyfile.dylib
0x0000000005c17000 	/usr/lib/system/libcorecrypto.dylib
0x0000000005c17000 	/usr/lib/system/libdispatch.dylib
0x0000000005c17000 	/usr/lib/system/libdyld.dylib
0x0000000005c17000 	/usr/lib/system/libkeymgr.dylib
0x0000000005c17000 	/usr/lib/system/liblaunch.dylib
0x0000000005c17000 	/usr/lib/system/libmacho.dylib
0x0000000005c17000 	/usr/lib/system/libquarantine.dylib
0x0000000005c17000 	/usr/lib/system/libremovefile.dylib
0x0000000005c17000 	/usr/lib/system/libsystem_asl.dylib
0x0000000005c17000 	/usr/lib/system/libsystem_blocks.dylib
0x0000000005c17000 	/usr/lib/system/libsystem_c.dylib
0x0000000005c17000 	/usr/lib/system/libsystem_configuration.dylib
0x0000000005c17000 	/usr/lib/system/libsystem_dnssd.dylib
0x0000000005c17000 	/usr/lib/system/libsystem_info.dylib
0x0000000005c17000 	/usr/lib/system/libsystem_kernel.dylib
0x0000000005c17000 	/usr/lib/system/libsystem_m.dylib
0x0000000005c17000 	/usr/lib/system/libsystem_malloc.dylib
0x0000000005c17000 	/usr/lib/system/libsystem_network.dylib
0x0000000005c17000 	/usr/lib/system/libsystem_notify.dylib
0x0000000005c17000 	/usr/lib/system/libsystem_platform.dylib
0x0000000005c17000 	/usr/lib/system/libsystem_pthread.dylib
0x0000000005c17000 	/usr/lib/system/libsystem_sandbox.dylib
0x0000000005c17000 	/usr/lib/system/libsystem_stats.dylib
0x0000000005c17000 	/usr/lib/system/libunc.dylib
0x0000000005c17000 	/usr/lib/system/libunwind.dylib
0x0000000005c17000 	/usr/lib/system/libxpc.dylib
0x0000000005c17000 	/usr/lib/libbsm.0.dylib
0x0000000005c17000 	/usr/lib/libsqlite3.dylib
0x0000000005c17000 	/usr/lib/libxar.1.dylib
0x0000000005c17000 	/usr/lib/libpam.2.dylib
0x0000000005c17000 	/usr/lib/libOpenScriptingUtil.dylib
0x0000000005c17000 	/usr/lib/libbz2.1.0.dylib
0x0000000005c17000 	/System/Library/Frameworks/CoreServices.framework/Versions/A/Frameworks/CarbonCore.framework/Versions/A/CarbonCore
0x0000000005c17000 	/System/Library/Frameworks/CoreServices.framework/Versions/A/Frameworks/Metadata.framework/Versions/A/Metadata
0x0000000005c17000 	/System/Library/Frameworks/CoreServices.framework/Versions/A/Frameworks/OSServices.framework/Versions/A/OSServices
0x0000000005c17000 	/System/Library/Frameworks/CoreServices.framework/Versions/A/Frameworks/SearchKit.framework/Versions/A/SearchKit
0x0000000005c17000 	/System/Library/Frameworks/CoreServices.framework/Versions/A/Frameworks/AE.framework/Versions/A/AE
0x0000000005c17000 	/System/Library/Frameworks/CoreServices.framework/Versions/A/Frameworks/LaunchServices.framework/Versions/A/LaunchServices
0x0000000005c17000 	/System/Library/Frameworks/CoreServices.framework/Versions/A/Frameworks/DictionaryServices.framework/Versions/A/DictionaryServices
0x0000000005c17000 	/System/Library/Frameworks/NetFS.framework/Versions/A/NetFS
0x0000000005c17000 	/usr/lib/system/libkxld.dylib
0x0000000005c17000 	/System/Library/PrivateFrameworks/NetAuth.framework/Versions/A/NetAuth
0x0000000005c17000 	/System/Library/PrivateFrameworks/TCC.framework/Versions/A/TCC
0x0000000005c17000 	/System/Library/Frameworks/OpenDirectory.framework/Versions/A/Frameworks/CFOpenDirectory.framework/Versions/A/CFOpenDirectory
0x0000000005c17000 	/System/Library/Frameworks/ServiceManagement.framework/Versions/A/ServiceManagement
0x0000000005c17000 	/usr/lib/libxslt.1.dylib
0x0000000005c17000 	/System/Library/Frameworks/Carbon.framework/Versions/A/Frameworks/Ink.framework/Versions/A/Ink
0x0000000005c17000 	/System/Library/Frameworks/ApplicationServices.framework/Versions/A/Frameworks/ATS.framework/Versions/A/ATS
0x0000000005c17000 	/System/Library/Frameworks/ApplicationServices.framework/Versions/A/Frameworks/ColorSync.framework/Versions/A/ColorSync
0x0000000005c17000 	/System/Library/Frameworks/ApplicationServices.framework/Versions/A/Frameworks/HIServices.framework/Versions/A/HIServices
0x0000000005c17000 	/System/Library/Frameworks/ApplicationServices.framework/Versions/A/Frameworks/LangAnalysis.framework/Versions/A/LangAnalysis
0x0000000005c17000 	/System/Library/Frameworks/ApplicationServices.framework/Versions/A/Frameworks/PrintCore.framework/Versions/A/PrintCore
0x0000000005c17000 	/System/Library/Frameworks/ApplicationServices.framework/Versions/A/Frameworks/QD.framework/Versions/A/QD
0x0000000005c17000 	/System/Library/Frameworks/ApplicationServices.framework/Versions/A/Frameworks/SpeechSynthesis.framework/Versions/A/SpeechSynthesis
0x0000000005c17000 	/System/Library/Frameworks/IOSurface.framework/Versions/A/IOSurface
0x0000000005c17000 	/System/Library/Frameworks/Accelerate.framework/Versions/A/Accelerate
0x0000000005c17000 	/System/Library/Frameworks/Accelerate.framework/Versions/A/Frameworks/vImage.framework/Versions/A/vImage
0x0000000005c17000 	/System/Library/Frameworks/Accelerate.framework/Versions/A/Frameworks/vecLib.framework/Versions/A/vecLib
0x0000000005c17000 	/System/Library/Frameworks/Accelerate.framework/Versions/A/Frameworks/vecLib.framework/Versions/A/libvDSP.dylib
0x0000000005c17000 	/System/Library/Frameworks/Accelerate.framework/Versions/A/Frameworks/vecLib.framework/Versions/A/libvMisc.dylib
0x0000000005c17000 	/System/Library/Frameworks/Accelerate.framework/Versions/A/Frameworks/vecLib.framework/Versions/A/libLAPACK.dylib
0x0000000005c17000 	/System/Library/Frameworks/Accelerate.framework/Versions/A/Frameworks/vecLib.framework/Versions/A/libBLAS.dylib
0x0000000005c17000 	/System/Library/Frameworks/ApplicationServices.framework/Versions/A/Frameworks/ATS.framework/Versions/A/Resources/libFontParser.dylib
0x0000000005c17000 	/System/Library/Frameworks/ApplicationServices.framework/Versions/A/Frameworks/ATS.framework/Versions/A/Resources/libFontRegistry.dylib
0x0000000005c17000 	/System/Library/Frameworks/ImageIO.framework/Versions/A/Resources/libJPEG.dylib
0x0000000005c17000 	/System/Library/Frameworks/ImageIO.framework/Versions/A/Resources/libTIFF.dylib
0x0000000005c17000 	/System/Library/Frameworks/ImageIO.framework/Versions/A/Resources/libPng.dylib
0x0000000005c17000 	/System/Library/Frameworks/ImageIO.framework/Versions/A/Resources/libGIF.dylib
0x0000000005c17000 	/System/Library/Frameworks/ImageIO.framework/Versions/A/Resources/libJP2.dylib
0x0000000005c17000 	/System/Library/Frameworks/ImageIO.framework/Versions/A/Resources/libRadiance.dylib
0x0000000005c17000 	/usr/lib/libcups.2.dylib
0x0000000005c17000 	/System/Library/Frameworks/Kerberos.framework/Versions/A/Kerberos
0x0000000005c17000 	/System/Library/Frameworks/GSS.framework/Versions/A/GSS
0x0000000005c17000 	/usr/lib/libresolv.9.dylib
0x0000000005c17000 	/usr/lib/libiconv.2.dylib
0x0000000005c17000 	/System/Library/PrivateFrameworks/Heimdal.framework/Versions/A/Heimdal
0x0000000005c17000 	/System/Library/PrivateFrameworks/TrustEvaluationAgent.framework/Versions/A/TrustEvaluationAgent
0x0000000005c17000 	/usr/lib/libheimdal-asn1.dylib
0x0000000005c17000 	/System/Library/Frameworks/OpenDirectory.framework/Versions/A/OpenDirectory
0x0000000005c17000 	/System/Library/PrivateFrameworks/CommonAuth.framework/Versions/A/CommonAuth
0x0000000005c17000 	/System/Library/Frameworks/SecurityFoundation.framework/Versions/A/SecurityFoundation
0x0000000005c17000 	/System/Library/PrivateFrameworks/Bom.framework/Versions/A/Bom
0x0000000005c17000 	/System/Library/Frameworks/CoreVideo.framework/Versions/A/CoreVideo
0x0000000005c17000 	/System/Library/Frameworks/QuartzCore.framework/Versions/A/Frameworks/CoreImage.framework/Versions/A/CoreImage
0x0000000005c17000 	/System/Library/Frameworks/QuartzCore.framework/Versions/A/Frameworks/ScalableUserInterface.framework/Versions/A/ScalableUserInterface
0x0000000005c17000 	/System/Library/Frameworks/OpenGL.framework/Versions/A/Libraries/libGLU.dylib
0x0000000005c17000 	/System/Library/Frameworks/OpenGL.framework/Versions/A/Libraries/libGFXShared.dylib
0x0000000005c17000 	/System/Library/Frameworks/OpenGL.framework/Versions/A/Libraries/libGL.dylib
0x0000000005c17000 	/System/Library/Frameworks/OpenGL.framework/Versions/A/Libraries/libGLImage.dylib
0x0000000005c17000 	/System/Library/Frameworks/OpenGL.framework/Versions/A/Libraries/libCVMSPluginSupport.dylib
0x0000000005c17000 	/System/Library/Frameworks/OpenGL.framework/Versions/A/Libraries/libCoreVMClient.dylib
0x0000000005c17000 	/System/Library/PrivateFrameworks/FaceCore.framework/Versions/A/FaceCore
0x0000000005c17000 	/System/Library/PrivateFrameworks/CrashReporterSupport.framework/Versions/A/CrashReporterSupport
0x0000000005c17000 	/System/Library/Frameworks/OpenCL.framework/Versions/A/OpenCL
0x0000000005c17000 	/System/Library/PrivateFrameworks/AppleFSCompression.framework/Versions/A/AppleFSCompression
0x0000000005c17000 	/System/Library/PrivateFrameworks/Ubiquity.framework/Versions/A/Ubiquity
0x0000000005c17000 	/System/Library/PrivateFrameworks/IconServices.framework/Versions/A/IconServices
0x0000000005c17000 	/System/Library/PrivateFrameworks/ChunkingLibrary.framework/Versions/A/ChunkingLibrary
0x0000000005c17000 	/System/Library/PrivateFrameworks/CoreSymbolication.framework/Versions/A/CoreSymbolication
0x0000000005c17000 	/System/Library/PrivateFrameworks/Symbolication.framework/Versions/A/Symbolication
0x0000000005c17000 	/System/Library/PrivateFrameworks/DebugSymbols.framework/Versions/A/DebugSymbols
0x0000000105216000 	/Library/Java/JavaVirtualMachines/jdk1.7.0_67.jdk/Contents/Home/jre/lib/server/libjvm.dylib
0x0000000005c17000 	/usr/lib/libstdc++.6.dylib
0x0000000105d78000 	/Library/Java/JavaVirtualMachines/jdk1.7.0_67.jdk/Contents/Home/jre/lib/libverify.dylib
0x0000000105d85000 	/Library/Java/JavaVirtualMachines/jdk1.7.0_67.jdk/Contents/Home/jre/lib/libjava.dylib
0x0000000105dbf000 	/Library/Java/JavaVirtualMachines/jdk1.7.0_67.jdk/Contents/Home/jre/lib/libzip.dylib
0x0000000115195000 	/System/Library/Frameworks/JavaVM.framework/Frameworks/JavaRuntimeSupport.framework/JavaRuntimeSupport
0x00000001151ad000 	/System/Library/Frameworks/JavaVM.framework/Versions/A/Frameworks/JavaNativeFoundation.framework/Versions/A/JavaNativeFoundation
0x00000001151c2000 	/System/Library/Frameworks/JavaVM.framework/Versions/A/JavaVM
0x0000000005c17000 	/System/Library/Frameworks/Carbon.framework/Versions/A/Carbon
0x00000001151cf000 	/System/Library/PrivateFrameworks/JavaLaunching.framework/Versions/A/JavaLaunching
0x0000000005c17000 	/System/Library/Frameworks/Carbon.framework/Versions/A/Frameworks/CommonPanels.framework/Versions/A/CommonPanels
0x0000000005c17000 	/System/Library/Frameworks/Carbon.framework/Versions/A/Frameworks/Help.framework/Versions/A/Help
0x0000000005c17000 	/System/Library/Frameworks/Carbon.framework/Versions/A/Frameworks/ImageCapture.framework/Versions/A/ImageCapture
0x0000000005c17000 	/System/Library/Frameworks/Carbon.framework/Versions/A/Frameworks/OpenScripting.framework/Versions/A/OpenScripting
0x0000000005c17000 	/System/Library/Frameworks/Carbon.framework/Versions/A/Frameworks/Print.framework/Versions/A/Print
0x0000000005c17000 	/System/Library/Frameworks/Carbon.framework/Versions/A/Frameworks/SecurityHI.framework/Versions/A/SecurityHI
0x00000001159e4000 	/Applications/IntelliJ IDEA 13.app/bin/libbreakgen64.jnilib
0x0000000115aea000 	/Library/Java/JavaVirtualMachines/jdk1.7.0_67.jdk/Contents/Home/jre/lib/libnet.dylib
0x0000000115c01000 	/private/var/folders/fw/ynrl9yjd30j25xytpggxt4k40000gn/T/libgdxjmullin/d8ae55ed/libgdx64.dylib
0x0000000115c4b000 	/Library/Java/JavaVirtualMachines/jdk1.7.0_67.jdk/Contents/Home/jre/lib/libawt.dylib
0x0000000115cfa000 	/Library/Java/JavaVirtualMachines/jdk1.7.0_67.jdk/Contents/Home/jre/lib/./libmlib_image.dylib
0x0000000115dc6000 	/Library/Java/JavaVirtualMachines/jdk1.7.0_67.jdk/Contents/Home/jre/lib/lwawt/liblwawt.dylib
0x0000000115e7a000 	/Library/Java/JavaVirtualMachines/jdk1.7.0_67.jdk/Contents/Home/jre/lib/libosxapp.dylib
0x0000000005c17000 	/System/Library/Frameworks/ExceptionHandling.framework/Versions/A/ExceptionHandling
0x0000000005c17000 	/System/Library/PrivateFrameworks/CoreServicesInternal.framework/Versions/A/CoreServicesInternal
0x0000000005c17000 	/System/Library/PrivateFrameworks/Librarian.framework/Versions/A/Librarian
0x0000000005c17000 	/System/Library/Frameworks/CoreGraphics.framework/Versions/A/Resources/libCGCMS.A.dylib
0x0000000005c17000 	/System/Library/Frameworks/CoreGraphics.framework/Versions/A/Resources/libRIP.A.dylib
0x0000000005c17000 	/System/Library/Frameworks/CoreGraphics.framework/Versions/A/Resources/libCGXType.A.dylib
0x0000000005c17000 	/System/Library/PrivateFrameworks/FamilyControls.framework/Versions/A/FamilyControls
0x0000000005c17000 	/System/Library/PrivateFrameworks/CommerceKit.framework/Versions/A/Frameworks/CommerceCore.framework/Versions/A/CommerceCore
0x0000000005c17000 	/System/Library/PrivateFrameworks/SystemAdministration.framework/Versions/A/SystemAdministration
0x0000000005c17000 	/System/Library/Frameworks/DirectoryService.framework/Versions/A/DirectoryService
0x0000000005c17000 	/System/Library/PrivateFrameworks/DiskImages.framework/Versions/A/DiskImages
0x0000000005c17000 	/System/Library/PrivateFrameworks/LoginUIKit.framework/Versions/A/Frameworks/LoginUICore.framework/Versions/A/LoginUICore
0x0000000005c17000 	/usr/lib/libCoreStorage.dylib
0x0000000005c17000 	/usr/lib/libcsfde.dylib
0x0000000005c17000 	/usr/lib/libodfde.dylib
0x0000000005c17000 	/System/Library/Frameworks/DiscRecording.framework/Versions/A/DiscRecording
0x0000000005c17000 	/usr/lib/libcurl.4.dylib
0x0000000005c17000 	/System/Library/PrivateFrameworks/MediaKit.framework/Versions/A/MediaKit
0x0000000005c17000 	/System/Library/PrivateFrameworks/EFILogin.framework/Versions/A/EFILogin
0x0000000005c17000 	/usr/lib/libutil.dylib
0x0000000005c17000 	/System/Library/PrivateFrameworks/AOSNotification.framework/Versions/A/AOSNotification
0x0000000005c17000 	/System/Library/Frameworks/LDAP.framework/Versions/A/LDAP
0x0000000005c17000 	/usr/lib/libsasl2.2.dylib
0x0000000005c17000 	/usr/lib/libcrypto.0.9.8.dylib
0x0000000005c17000 	/usr/lib/libssl.0.9.8.dylib
0x000000011a314000 	/Library/Java/JavaVirtualMachines/jdk1.7.0_67.jdk/Contents/Home/jre/lib/libfontmanager.dylib
0x000000011a37b000 	/private/var/folders/fw/ynrl9yjd30j25xytpggxt4k40000gn/T/libgdxjmullin/f7649394/liblwjgl.dylib
0x0000000117835000 	/Library/Java/JavaVirtualMachines/jdk1.7.0_67.jdk/Contents/Home/jre/lib/libjawt.dylib
0x000000011a3fd000 	/var/folders/fw/ynrl9yjd30j25xytpggxt4k40000gn/T/libgdxjmullin/f7649394/openal.dylib
0x000000011a459000 	/System/Library/Components/CoreAudio.component/Contents/MacOS/CoreAudio
0x000000011a6d5000 	/System/Library/Extensions/AppleHDA.kext/Contents/PlugIns/AppleHDAHALPlugIn.bundle/Contents/MacOS/AppleHDAHALPlugIn
0x0000000005c17000 	/System/Library/Frameworks/OpenGL.framework/Versions/A/Resources/GLEngine.bundle/GLEngine
0x0000000005c17000 	/System/Library/Frameworks/OpenGL.framework/Versions/A/Libraries/libGLProgrammability.dylib
0x0000000000000000 	/System/Library/Extensions/AppleIntelHD5000GraphicsGLDriver.bundle/Contents/MacOS/AppleIntelHD5000GraphicsGLDriver
0x0000000005c17000 	/System/Library/PrivateFrameworks/IOAccelerator.framework/Versions/A/IOAccelerator
0x0000000005c17000 	/System/Library/PrivateFrameworks/GPUSupport.framework/Versions/A/Libraries/libGPUSupportMercury.dylib
0x0000000000000000 	/System/Library/Extensions/GeForceGLDriver.bundle/Contents/MacOS/GeForceGLDriver
0x0000000005c17000 	/System/Library/Extensions/GeForceGLDriver.bundle/Contents/MacOS/libclh.dylib
0x0000000005c17000 	/System/Library/Frameworks/OpenGL.framework/Versions/A/Resources/GLRendererFloat.bundle/GLRendererFloat
0x0000000005c17000 	/System/Library/Frameworks/OpenCL.framework/Versions/A/Libraries/libcldcpuengine.dylib
0x000000011d2ef000 	/private/var/folders/fw/ynrl9yjd30j25xytpggxt4k40000gn/T/libgdxjmullin/b02f37a3/libgdx-box2d64.dylib

VM Arguments:
jvm_args: -Dvisualvm.id=1439861147318638000 -Didea.launcher.port=7532 -Didea.launcher.bin.path=/Applications/IntelliJ IDEA 13.app/bin -Dfile.encoding=UTF-8 
java_command: com.intellij.rt.execution.application.AppMain com.jmullin.abc.Main
Launcher Type: SUN_STANDARD

Environment Variables:
PATH=/usr/local/heroku/bin:/usr/bin:/bin:/usr/sbin:/sbin:/usr/local/bin:~/bin:~/Dev/activator-1.2.12:/opt/X11/bin
SHELL=/bin/bash
DISPLAY=/tmp/launch-qesU9h/org.macosforge.xquartz:0

Signal Handlers:
SIGSEGV: [libjvm.dylib+0x52b6c9], sa_mask[0]=0xfffefeff, sa_flags=0x00000043
SIGBUS: [libjvm.dylib+0x52b6c9], sa_mask[0]=0xfffefeff, sa_flags=0x00000042
SIGFPE: [libjvm.dylib+0x41deaa], sa_mask[0]=0xfffefeff, sa_flags=0x00000042
SIGPIPE: [libjvm.dylib+0x41deaa], sa_mask[0]=0xfffefeff, sa_flags=0x00000042
SIGXFSZ: [libjvm.dylib+0x41deaa], sa_mask[0]=0xfffefeff, sa_flags=0x00000042
SIGILL: [libjvm.dylib+0x41deaa], sa_mask[0]=0xfffefeff, sa_flags=0x00000042
SIGUSR1: SIG_DFL, sa_mask[0]=0x00000000, sa_flags=0x00000002
SIGUSR2: [libjvm.dylib+0x41d99c], sa_mask[0]=0x00000004, sa_flags=0x00000042
SIGHUP: [libjvm.dylib+0x41bc2d], sa_mask[0]=0xfffefeff, sa_flags=0x00000042
SIGINT: [libjvm.dylib+0x41bc2d], sa_mask[0]=0xfffefeff, sa_flags=0x00000042
SIGTERM: [libjvm.dylib+0x41bc2d], sa_mask[0]=0xfffefeff, sa_flags=0x00000042
SIGQUIT: [libjvm.dylib+0x41bc2d], sa_mask[0]=0xfffefeff, sa_flags=0x00000042


---------------  S Y S T E M  ---------------

OS:Bsduname:Darwin 13.4.0 Darwin Kernel Version 13.4.0: Wed Mar 18 16:20:14 PDT 2015; root:xnu-2422.115.14~1/RELEASE_X86_64 x86_64
rlimit: STACK 8192k, CORE 0k, NPROC 709, NOFILE 10240, AS infinity
load average:2.52 2.08 1.98

CPU:total 8 (4 cores per cpu, 2 threads per core) family 6 model 70 stepping 1, cmov, cx8, fxsr, mmx, sse, sse2, sse3, ssse3, sse4.1, sse4.2, popcnt, avx, avx2, aes, erms, ht, tsc, tscinvbit

Memory: 4k page, physical 16777216k(4194304k free)

/proc/meminfo:


vm_info: Java HotSpot(TM) 64-Bit Server VM (24.65-b04) for bsd-amd64 JRE (1.7.0_67-b01), built on Jul 25 2014 08:51:51 by "java_re" with gcc 4.2.1 (Based on Apple Inc. build 5658) (LLVM build 2336.11.00)

time: Mon Aug 17 20:25:48 2015
elapsed time: 1 seconds

